<?xml version="1.0" encoding="UTF-8"?>
<coverage generated="1775615232554" clover="3.2.0">
  <project timestamp="1775615232555" name="All files">
    <metrics statements="522" coveredstatements="484" conditionals="327" coveredconditionals="282" methods="79" coveredmethods="72" elements="928" coveredelements="838" complexity="0" loc="522" ncloc="522" packages="3" files="7" classes="7"/>
    <package name="config">
      <metrics statements="19" coveredstatements="19" conditionals="10" coveredconditionals="10" methods="3" coveredmethods="3"/>
      <file name="seo-skills.ts" path="/home/runner/work/cats-seo-generator-v3-app/cats-seo-generator-v3-app/src/config/seo-skills.ts">
        <metrics statements="19" coveredstatements="19" conditionals="10" coveredconditionals="10" methods="3" coveredmethods="3"/>
        <line num="6" count="2" type="stmt"/>
        <line num="7" count="2" type="stmt"/>
        <line num="13" count="2" type="stmt"/>
        <line num="74" count="2" type="stmt"/>
        <line num="89" count="2" type="stmt"/>
        <line num="99" count="2" type="stmt"/>
        <line num="139" count="2" type="stmt"/>
        <line num="140" count="3" type="stmt"/>
        <line num="141" count="3" type="cond" truecount="2" falsecount="0"/>
        <line num="147" count="2" type="stmt"/>
        <line num="148" count="1" type="stmt"/>
        <line num="159" count="2" type="stmt"/>
        <line num="163" count="8" type="cond" truecount="2" falsecount="0"/>
        <line num="164" count="2" type="stmt"/>
        <line num="165" count="6" type="cond" truecount="2" falsecount="0"/>
        <line num="166" count="2" type="stmt"/>
        <line num="167" count="4" type="cond" truecount="2" falsecount="0"/>
        <line num="168" count="2" type="stmt"/>
        <line num="170" count="2" type="stmt"/>
      </file>
    </package>
    <package name="data">
      <metrics statements="239" coveredstatements="212" conditionals="150" coveredconditionals="124" methods="43" coveredmethods="36"/>
      <file name="keyword-priorities.ts" path="/home/runner/work/cats-seo-generator-v3-app/cats-seo-generator-v3-app/src/data/keyword-priorities.ts">
        <metrics statements="54" coveredstatements="54" conditionals="25" coveredconditionals="25" methods="14" coveredmethods="14"/>
        <line num="15" count="1" type="stmt"/>
        <line num="28" count="1" type="stmt"/>
        <line num="45" count="1" type="stmt"/>
        <line num="60" count="9398" type="stmt"/>
        <line num="62" count="9398" type="cond" truecount="1" falsecount="0"/>
        <line num="63" count="9182" type="cond" truecount="1" falsecount="0"/>
        <line num="64" count="8834" type="cond" truecount="1" falsecount="0"/>
        <line num="65" count="8710" type="cond" truecount="1" falsecount="0"/>
        <line num="66" count="8275" type="cond" truecount="1" falsecount="0"/>
        <line num="67" count="7684" type="cond" truecount="1" falsecount="0"/>
        <line num="68" count="7636" type="cond" truecount="1" falsecount="0"/>
        <line num="69" count="7522" type="cond" truecount="1" falsecount="0"/>
        <line num="70" count="7150" type="cond" truecount="1" falsecount="0"/>
        <line num="71" count="7061" type="cond" truecount="1" falsecount="0"/>
        <line num="73" count="6981" type="stmt"/>
        <line num="78" count="9398" type="cond" truecount="4" falsecount="0"/>
        <line num="80" count="9398" type="stmt"/>
        <line num="83" count="9398" type="cond" truecount="1" falsecount="0"/>
        <line num="86" count="9398" type="cond" truecount="1" falsecount="0"/>
        <line num="89" count="9398" type="cond" truecount="1" falsecount="0"/>
        <line num="92" count="9398" type="cond" truecount="1" falsecount="0"/>
        <line num="94" count="9398" type="stmt"/>
        <line num="99" count="120310" type="cond" truecount="1" falsecount="0"/>
        <line num="100" count="263" type="stmt"/>
        <line num="102" count="87204" type="cond" truecount="1" falsecount="0"/>
        <line num="103" count="705" type="stmt"/>
        <line num="105" count="8430" type="stmt"/>
        <line num="110" count="1" type="stmt"/>
        <line num="111" count="9398" type="stmt"/>
        <line num="112" count="9398" type="stmt"/>
        <line num="119" count="32435" type="stmt"/>
        <line num="123" count="1" type="stmt"/>
        <line num="125" count="1" type="stmt"/>
        <line num="126" count="46" type="cond" truecount="1" falsecount="0"/>
        <line num="127" count="1" type="stmt"/>
        <line num="129" count="46" type="stmt"/>
        <line num="133" count="1" type="stmt"/>
        <line num="134" count="234950" type="stmt"/>
        <line num="138" count="1" type="stmt"/>
        <line num="139" count="4" type="stmt"/>
        <line num="141" count="4" type="stmt"/>
        <line num="142" count="9402" type="cond" truecount="1" falsecount="0"/>
        <line num="143" count="3" type="stmt"/>
        <line num="147" count="1" type="stmt"/>
        <line num="151" count="1" type="stmt"/>
        <line num="156" count="4" type="stmt"/>
        <line num="158" count="4" type="stmt"/>
        <line num="159" count="4" type="stmt"/>
        <line num="161" count="4" type="stmt"/>
        <line num="162" count="37592" type="stmt"/>
        <line num="163" count="37592" type="cond" truecount="2" falsecount="0"/>
        <line num="166" count="4" type="stmt"/>
        <line num="174" count="1" type="cond" truecount="1" falsecount="0"/>
        <line num="179" count="6" type="stmt"/>
      </file>
      <file name="keywords-full.ts" path="/home/runner/work/cats-seo-generator-v3-app/cats-seo-generator-v3-app/src/data/keywords-full.ts">
        <metrics statements="2" coveredstatements="2" conditionals="0" coveredconditionals="0" methods="1" coveredmethods="0"/>
        <line num="3" count="2" type="stmt"/>
        <line num="9404" count="2" type="stmt"/>
      </file>
      <file name="seo-data.ts" path="/home/runner/work/cats-seo-generator-v3-app/cats-seo-generator-v3-app/src/data/seo-data.ts">
        <metrics statements="183" coveredstatements="156" conditionals="125" coveredconditionals="99" methods="28" coveredmethods="22"/>
        <line num="18" count="2" type="stmt"/>
        <line num="56" count="2" type="stmt"/>
        <line num="57" count="15" type="stmt"/>
        <line num="59" count="15" type="cond" truecount="4" falsecount="0"/>
        <line num="60" count="2" type="stmt"/>
        <line num="62" count="13" type="cond" truecount="5" falsecount="0"/>
        <line num="63" count="2" type="stmt"/>
        <line num="65" count="11" type="cond" truecount="4" falsecount="0"/>
        <line num="66" count="2" type="stmt"/>
        <line num="68" count="9" type="cond" truecount="5" falsecount="0"/>
        <line num="69" count="3" type="stmt"/>
        <line num="71" count="6" type="cond" truecount="4" falsecount="0"/>
        <line num="72" count="1" type="stmt"/>
        <line num="75" count="126" type="stmt"/>
        <line num="76" count="5" type="stmt"/>
        <line num="83" count="2" type="stmt"/>
        <line num="115" count="2" type="stmt"/>
        <line num="133" count="2" type="cond" truecount="1" falsecount="0"/>
        <line num="134" count="9" type="cond" truecount="1" falsecount="0"/>
        <line num="135" count="6" type="stmt"/>
        <line num="138" count="2" type="cond" truecount="1" falsecount="0"/>
        <line num="139" count="12" type="cond" truecount="3" falsecount="0"/>
        <line num="141" count="4" type="cond" truecount="2" falsecount="0"/>
        <line num="142" count="4" type="stmt"/>
        <line num="144" count="4" type="stmt"/>
        <line num="145" count="18" type="cond" truecount="2" falsecount="0"/>
        <line num="146" count="15" type="stmt"/>
        <line num="148" count="3" type="stmt"/>
        <line num="152" count="4" type="cond" truecount="3" falsecount="0"/>
        <line num="153" count="2" type="stmt"/>
        <line num="154" count="2" type="cond" truecount="2" falsecount="0"/>
        <line num="157" count="4" type="stmt"/>
        <line num="160" count="2" type="stmt"/>
        <line num="161" count="5" type="cond" truecount="2" falsecount="0"/>
        <line num="162" count="5" type="cond" truecount="2" falsecount="0"/>
        <line num="164" count="5" type="stmt"/>
        <line num="165" count="5" type="stmt"/>
        <line num="167" count="5" type="cond" truecount="2" falsecount="0"/>
        <line num="169" count="5" type="cond" truecount="1" falsecount="0"/>
        <line num="170" count="1" type="cond" truecount="0" falsecount="1"/>
        <line num="171" count="0" type="stmt"/>
        <line num="173" count="1" type="cond" truecount="1" falsecount="0"/>
        <line num="174" count="1" type="stmt"/>
        <line num="178" count="5" type="stmt"/>
        <line num="185" count="2" type="stmt"/>
        <line num="207" count="2" type="stmt"/>
        <line num="208" count="2" type="stmt"/>
        <line num="211" count="22" type="stmt"/>
        <line num="212" count="22" type="stmt"/>
        <line num="213" count="22" type="stmt"/>
        <line num="215" count="22" type="stmt"/>
        <line num="220" count="22" type="cond" truecount="4" falsecount="0"/>
        <line num="221" count="1" type="stmt"/>
        <line num="224" count="22" type="stmt"/>
        <line num="225" count="22" type="cond" truecount="3" falsecount="0"/>
        <line num="226" count="1" type="stmt"/>
        <line num="229" count="23" type="stmt"/>
        <line num="232" count="2" type="stmt"/>
        <line num="233" count="18" type="cond" truecount="2" falsecount="1"/>
        <line num="234" count="18" type="stmt"/>
        <line num="235" count="18" type="stmt"/>
        <line num="236" count="19" type="cond" truecount="2" falsecount="0"/>
        <line num="237" count="19" type="cond" truecount="1" falsecount="0"/>
        <line num="238" count="19" type="stmt"/>
        <line num="239" count="19" type="stmt"/>
        <line num="242" count="18" type="stmt"/>
        <line num="245" count="2" type="stmt"/>
        <line num="246" count="3" type="cond" truecount="1" falsecount="0"/>
        <line num="247" count="2" type="stmt"/>
        <line num="248" count="2" type="stmt"/>
        <line num="249" count="6" type="cond" truecount="1" falsecount="0"/>
        <line num="250" count="4" type="stmt"/>
        <line num="251" count="4" type="stmt"/>
        <line num="254" count="2" type="stmt"/>
        <line num="255" count="2" type="stmt"/>
        <line num="258" count="2" type="stmt"/>
        <line num="259" count="2" type="stmt"/>
        <line num="262" count="2" type="cond" truecount="0" falsecount="1"/>
        <line num="263" count="5" type="cond" truecount="3" falsecount="0"/>
        <line num="264" count="3" type="cond" truecount="0" falsecount="1"/>
        <line num="266" count="3" type="stmt"/>
        <line num="267" count="3" type="stmt"/>
        <line num="268" count="3" type="stmt"/>
        <line num="269" count="3" type="stmt"/>
        <line num="271" count="3" type="stmt"/>
        <line num="272" count="74" type="stmt"/>
        <line num="274" count="3" type="stmt"/>
        <line num="275" count="21" type="cond" truecount="1" falsecount="0"/>
        <line num="277" count="20" type="cond" truecount="1" falsecount="1"/>
        <line num="278" count="20" type="stmt"/>
        <line num="279" count="20" type="cond" truecount="2" falsecount="0"/>
        <line num="280" count="0" type="cond" truecount="0" falsecount="4"/>
        <line num="282" count="20" type="cond" truecount="1" falsecount="0"/>
        <line num="284" count="18" type="stmt"/>
        <line num="286" count="18" type="stmt"/>
        <line num="289" count="18" type="stmt"/>
        <line num="290" count="18" type="stmt"/>
        <line num="291" count="18" type="stmt"/>
        <line num="293" count="18" type="stmt"/>
        <line num="294" count="5" type="cond" truecount="3" falsecount="0"/>
        <line num="295" count="5" type="stmt"/>
        <line num="296" count="5" type="stmt"/>
        <line num="297" count="5" type="stmt"/>
        <line num="298" count="5" type="stmt"/>
        <line num="300" count="0" type="stmt"/>
        <line num="304" count="3" type="stmt"/>
        <line num="307" count="2" type="cond" truecount="1" falsecount="1"/>
        <line num="308" count="4" type="stmt"/>
        <line num="309" count="4" type="stmt"/>
        <line num="311" count="4" type="stmt"/>
        <line num="313" count="4" type="stmt"/>
        <line num="314" count="4" type="cond" truecount="0" falsecount="1"/>
        <line num="315" count="4" type="cond" truecount="2" falsecount="0"/>
        <line num="316" count="4" type="stmt"/>
        <line num="317" count="1" type="cond" truecount="0" falsecount="1"/>
        <line num="318" count="1" type="cond" truecount="2" falsecount="1"/>
        <line num="319" count="0" type="cond" truecount="0" falsecount="1"/>
        <line num="320" count="0" type="cond" truecount="0" falsecount="1"/>
        <line num="321" count="0" type="stmt"/>
        <line num="322" count="0" type="stmt"/>
        <line num="324" count="0" type="stmt"/>
        <line num="331" count="4" type="cond" truecount="1" falsecount="0"/>
        <line num="332" count="4" type="stmt"/>
        <line num="333" count="28" type="cond" truecount="1" falsecount="0"/>
        <line num="334" count="24" type="stmt"/>
        <line num="335" count="24" type="cond" truecount="0" falsecount="1"/>
        <line num="336" count="24" type="cond" truecount="3" falsecount="0"/>
        <line num="337" count="23" type="cond" truecount="0" falsecount="1"/>
        <line num="338" count="23" type="cond" truecount="1" falsecount="0"/>
        <line num="339" count="23" type="stmt"/>
        <line num="340" count="23" type="stmt"/>
        <line num="342" count="77" type="stmt"/>
        <line num="350" count="4" type="stmt"/>
        <line num="357" count="2" type="stmt"/>
        <line num="358" count="2" type="stmt"/>
        <line num="359" count="2" type="stmt"/>
        <line num="360" count="2" type="stmt"/>
        <line num="361" count="2" type="stmt"/>
        <line num="362" count="2" type="stmt"/>
        <line num="364" count="2" type="stmt"/>
        <line num="365" count="0" type="stmt"/>
        <line num="367" count="0" type="cond" truecount="0" falsecount="1"/>
        <line num="368" count="0" type="stmt"/>
        <line num="371" count="0" type="stmt"/>
        <line num="375" count="0" type="cond" truecount="0" falsecount="3"/>
        <line num="377" count="0" type="stmt"/>
        <line num="379" count="0" type="stmt"/>
        <line num="380" count="0" type="stmt"/>
        <line num="381" count="0" type="cond" truecount="0" falsecount="1"/>
        <line num="382" count="0" type="stmt"/>
        <line num="385" count="0" type="stmt"/>
        <line num="387" count="0" type="stmt"/>
        <line num="388" count="0" type="stmt"/>
        <line num="399" count="0" type="stmt"/>
        <line num="401" count="0" type="cond" truecount="0" falsecount="4"/>
        <line num="402" count="0" type="stmt"/>
        <line num="404" count="0" type="stmt"/>
        <line num="407" count="0" type="stmt"/>
        <line num="411" count="0" type="stmt"/>
        <line num="414" count="2" type="stmt"/>
        <line num="415" count="1" type="stmt"/>
        <line num="423" count="2" type="stmt"/>
        <line num="425" count="2" type="stmt"/>
        <line num="428" count="2" type="cond" truecount="2" falsecount="0"/>
        <line num="429" count="7" type="stmt"/>
        <line num="430" count="7" type="stmt"/>
        <line num="439" count="2" type="stmt"/>
        <line num="440" count="320022" type="stmt"/>
        <line num="441" count="3" type="stmt"/>
        <line num="445" count="2" type="stmt"/>
        <line num="446" count="9404" type="stmt"/>
        <line num="450" count="2" type="stmt"/>
        <line num="451" count="3" type="stmt"/>
        <line num="458" count="3" type="stmt"/>
        <line num="459" count="28194" type="stmt"/>
        <line num="460" count="28194" type="cond" truecount="5" falsecount="0"/>
        <line num="461" count="1896" type="stmt"/>
        <line num="462" count="26298" type="cond" truecount="5" falsecount="0"/>
        <line num="463" count="1455" type="stmt"/>
        <line num="464" count="24843" type="cond" truecount="6" falsecount="0"/>
        <line num="465" count="90" type="stmt"/>
        <line num="467" count="24753" type="stmt"/>
        <line num="471" count="3" type="stmt"/>
      </file>
    </package>
    <package name="services">
      <metrics statements="264" coveredstatements="253" conditionals="167" coveredconditionals="148" methods="33" coveredmethods="33"/>
      <file name="generation-history.ts" path="/home/runner/work/cats-seo-generator-v3-app/cats-seo-generator-v3-app/src/services/generation-history.ts">
        <metrics statements="62" coveredstatements="56" conditionals="13" coveredconditionals="10" methods="13" coveredmethods="13"/>
        <line num="1" count="1" type="stmt"/>
        <line num="2" count="1" type="stmt"/>
        <line num="9" count="1" type="stmt"/>
        <line num="10" count="1" type="stmt"/>
        <line num="11" count="1" type="stmt"/>
        <line num="12" count="1" type="stmt"/>
        <line num="13" count="1" type="stmt"/>
        <line num="16" count="1" type="stmt"/>
        <line num="101" count="16" type="stmt"/>
        <line num="102" count="16" type="stmt"/>
        <line num="103" count="16" type="cond" truecount="0" falsecount="1"/>
        <line num="104" count="0" type="stmt"/>
        <line num="106" count="0" type="stmt"/>
        <line num="107" count="0" type="stmt"/>
        <line num="117" count="16" type="stmt"/>
        <line num="118" count="16" type="stmt"/>
        <line num="119" count="16" type="stmt"/>
        <line num="121" count="0" type="stmt"/>
        <line num="127" count="1" type="stmt"/>
        <line num="128" count="11" type="stmt"/>
        <line num="131" count="1" type="stmt"/>
        <line num="132" count="2" type="stmt"/>
        <line num="135" count="1" type="stmt"/>
        <line num="136" count="3" type="stmt"/>
        <line num="137" count="3" type="stmt"/>
        <line num="139" count="0" type="stmt"/>
        <line num="143" count="1" type="stmt"/>
        <line num="144" count="3" type="stmt"/>
        <line num="150" count="3" type="stmt"/>
        <line num="153" count="1" type="cond" truecount="1" falsecount="1"/>
        <line num="154" count="51" type="cond" truecount="2" falsecount="0"/>
        <line num="157" count="1" type="stmt"/>
        <line num="158" count="4" type="stmt"/>
        <line num="159" count="4" type="stmt"/>
        <line num="160" count="4" type="stmt"/>
        <line num="162" count="4" type="stmt"/>
        <line num="163" count="43" type="stmt"/>
        <line num="164" count="43" type="stmt"/>
        <line num="165" count="43" type="cond" truecount="1" falsecount="0"/>
        <line num="166" count="5" type="cond" truecount="2" falsecount="0"/>
        <line num="167" count="2" type="stmt"/>
        <line num="168" count="3" type="cond" truecount="1" falsecount="0"/>
        <line num="169" count="3" type="stmt"/>
        <line num="175" count="4" type="stmt"/>
        <line num="178" count="1" type="cond" truecount="0" falsecount="1"/>
        <line num="179" count="2" type="stmt"/>
        <line num="182" count="1" type="stmt"/>
        <line num="183" count="3" type="stmt"/>
        <line num="184" count="3" type="stmt"/>
        <line num="185" count="2" type="stmt"/>
        <line num="187" count="1" type="stmt"/>
        <line num="194" count="14" type="stmt"/>
        <line num="195" count="14" type="stmt"/>
        <line num="197" count="0" type="stmt"/>
        <line num="202" count="10" type="stmt"/>
        <line num="203" count="10" type="stmt"/>
        <line num="206" count="10" type="stmt"/>
        <line num="207" count="54" type="stmt"/>
        <line num="208" count="54" type="stmt"/>
        <line num="209" count="54" type="cond" truecount="3" falsecount="0"/>
        <line num="210" count="51" type="stmt"/>
        <line num="214" count="10" type="stmt"/>
      </file>
      <file name="seo-score.ts" path="/home/runner/work/cats-seo-generator-v3-app/cats-seo-generator-v3-app/src/services/seo-score.ts">
        <metrics statements="88" coveredstatements="86" conditionals="95" coveredconditionals="82" methods="9" coveredmethods="9"/>
        <line num="4" count="1" type="stmt"/>
        <line num="5" count="1" type="stmt"/>
        <line num="7" count="1" type="stmt"/>
        <line num="8" count="29" type="stmt"/>
        <line num="18" count="29" type="stmt"/>
        <line num="23" count="29" type="stmt"/>
        <line num="24" count="29" type="stmt"/>
        <line num="26" count="29" type="stmt"/>
        <line num="27" count="429" type="stmt"/>
        <line num="28" count="203" type="cond" truecount="2" falsecount="0"/>
        <line num="29" count="47" type="stmt"/>
        <line num="31" count="156" type="stmt"/>
        <line num="35" count="29" type="stmt"/>
        <line num="36" count="143" type="stmt"/>
        <line num="37" count="58" type="cond" truecount="1" falsecount="0"/>
        <line num="38" count="2" type="stmt"/>
        <line num="42" count="29" type="stmt"/>
        <line num="43" count="29" type="stmt"/>
        <line num="65" count="1" type="stmt"/>
        <line num="72" count="21" type="stmt"/>
        <line num="79" count="21" type="stmt"/>
        <line num="80" count="21" type="stmt"/>
        <line num="82" count="21" type="cond" truecount="4" falsecount="0"/>
        <line num="83" count="21" type="cond" truecount="3" falsecount="0"/>
        <line num="84" count="21" type="cond" truecount="2" falsecount="0"/>
        <line num="86" count="21" type="stmt"/>
        <line num="88" count="91" type="cond" truecount="2" falsecount="0"/>
        <line num="91" count="21" type="stmt"/>
        <line num="101" count="21" type="stmt"/>
        <line num="102" count="21" type="stmt"/>
        <line num="103" count="21" type="cond" truecount="1" falsecount="1"/>
        <line num="105" count="21" type="stmt"/>
        <line num="106" count="21" type="stmt"/>
        <line num="108" count="21" type="stmt"/>
        <line num="109" count="65" type="cond" truecount="0" falsecount="1"/>
        <line num="110" count="65" type="cond" truecount="2" falsecount="0"/>
        <line num="111" count="65" type="stmt"/>
        <line num="114" count="21" type="cond" truecount="2" falsecount="0"/>
        <line num="115" count="21" type="cond" truecount="2" falsecount="0"/>
        <line num="116" count="21" type="cond" truecount="2" falsecount="0"/>
        <line num="117" count="21" type="cond" truecount="2" falsecount="0"/>
        <line num="118" count="21" type="cond" truecount="1" falsecount="0"/>
        <line num="119" count="21" type="cond" truecount="1" falsecount="0"/>
        <line num="120" count="21" type="cond" truecount="1" falsecount="0"/>
        <line num="121" count="21" type="cond" truecount="1" falsecount="0"/>
        <line num="123" count="21" type="stmt"/>
        <line num="124" count="21" type="cond" truecount="2" falsecount="0"/>
        <line num="125" count="19" type="cond" truecount="1" falsecount="0"/>
        <line num="126" count="21" type="cond" truecount="1" falsecount="0"/>
        <line num="128" count="21" type="stmt"/>
        <line num="129" count="21" type="stmt"/>
        <line num="130" count="21" type="stmt"/>
        <line num="132" count="21" type="cond" truecount="5" falsecount="0"/>
        <line num="133" count="2" type="stmt"/>
        <line num="134" count="19" type="cond" truecount="4" falsecount="0"/>
        <line num="135" count="1" type="stmt"/>
        <line num="136" count="1" type="cond" truecount="1" falsecount="0"/>
        <line num="137" count="1" type="stmt"/>
        <line num="139" count="18" type="cond" truecount="1" falsecount="0"/>
        <line num="140" count="1" type="stmt"/>
        <line num="143" count="21" type="stmt"/>
        <line num="144" count="21" type="cond" truecount="2" falsecount="0"/>
        <line num="147" count="50362" type="stmt"/>
        <line num="148" count="21" type="cond" truecount="2" falsecount="0"/>
        <line num="149" count="21" type="stmt"/>
        <line num="150" count="21" type="cond" truecount="4" falsecount="0"/>
        <line num="151" count="1" type="cond" truecount="2" falsecount="2"/>
        <line num="152" count="1" type="cond" truecount="0" falsecount="1"/>
        <line num="154" count="21" type="stmt"/>
        <line num="155" count="21" type="stmt"/>
        <line num="156" count="21" type="cond" truecount="4" falsecount="0"/>
        <line num="157" count="1" type="cond" truecount="0" falsecount="1"/>
        <line num="159" count="21" type="cond" truecount="2" falsecount="0"/>
        <line num="160" count="21" type="cond" truecount="2" falsecount="0"/>
        <line num="161" count="19" type="cond" truecount="1" falsecount="0"/>
        <line num="163" count="21" type="cond" truecount="4" falsecount="0"/>
        <line num="164" count="19" type="cond" truecount="1" falsecount="2"/>
        <line num="166" count="21" type="cond" truecount="4" falsecount="0"/>
        <line num="167" count="19" type="cond" truecount="1" falsecount="2"/>
        <line num="169" count="21" type="stmt"/>
        <line num="170" count="21" type="cond" truecount="1" falsecount="0"/>
        <line num="172" count="21" type="stmt"/>
        <line num="174" count="21" type="cond" truecount="1" falsecount="0"/>
        <line num="175" count="65" type="stmt"/>
        <line num="178" count="21" type="stmt"/>
        <line num="185" count="21" type="stmt"/>
        <line num="196" count="0" type="stmt"/>
        <line num="197" count="0" type="stmt"/>
      </file>
      <file name="skill-parser.ts" path="/home/runner/work/cats-seo-generator-v3-app/cats-seo-generator-v3-app/src/services/skill-parser.ts">
        <metrics statements="114" coveredstatements="111" conditionals="59" coveredconditionals="56" methods="11" coveredmethods="11"/>
        <line num="6" count="1" type="stmt"/>
        <line num="7" count="1" type="stmt"/>
        <line num="9" count="1" type="stmt"/>
        <line num="14" count="1" type="stmt"/>
        <line num="15" count="26" type="stmt"/>
        <line num="18" count="26" type="stmt"/>
        <line num="19" count="26" type="stmt"/>
        <line num="21" count="26" type="stmt"/>
        <line num="22" count="33" type="stmt"/>
        <line num="23" count="33" type="cond" truecount="1" falsecount="0"/>
        <line num="24" count="23" type="stmt"/>
        <line num="25" count="23" type="stmt"/>
        <line num="29" count="26" type="cond" truecount="1" falsecount="0"/>
        <line num="30" count="3" type="stmt"/>
        <line num="31" count="3" type="stmt"/>
        <line num="34" count="23" type="stmt"/>
        <line num="35" count="23" type="stmt"/>
        <line num="36" count="23" type="stmt"/>
        <line num="38" count="0" type="stmt"/>
        <line num="39" count="0" type="stmt"/>
        <line num="47" count="23" type="stmt"/>
        <line num="58" count="23" type="stmt"/>
        <line num="59" count="23" type="cond" truecount="1" falsecount="0"/>
        <line num="60" count="23" type="stmt"/>
        <line num="61" count="23" type="stmt"/>
        <line num="62" count="23" type="stmt"/>
        <line num="63" count="23" type="cond" truecount="1" falsecount="0"/>
        <line num="64" count="23" type="cond" truecount="1" falsecount="0"/>
        <line num="68" count="23" type="stmt"/>
        <line num="70" count="23" type="stmt"/>
        <line num="71" count="72" type="stmt"/>
        <line num="72" count="72" type="cond" truecount="1" falsecount="1"/>
        <line num="73" count="72" type="stmt"/>
        <line num="75" count="72" type="cond" truecount="4" falsecount="0"/>
        <line num="76" count="18" type="stmt"/>
        <line num="77" count="54" type="cond" truecount="4" falsecount="0"/>
        <line num="78" count="3" type="stmt"/>
        <line num="79" count="51" type="cond" truecount="2" falsecount="0"/>
        <line num="80" count="13" type="stmt"/>
        <line num="81" count="38" type="cond" truecount="3" falsecount="0"/>
        <line num="82" count="15" type="stmt"/>
        <line num="87" count="23" type="stmt"/>
        <line num="88" count="23" type="cond" truecount="1" falsecount="0"/>
        <line num="89" count="20" type="stmt"/>
        <line num="90" count="94" type="stmt"/>
        <line num="91" count="94" type="cond" truecount="3" falsecount="0"/>
        <line num="92" count="92" type="stmt"/>
        <line num="97" count="23" type="stmt"/>
        <line num="104" count="18" type="stmt"/>
        <line num="105" count="18" type="stmt"/>
        <line num="107" count="18" type="stmt"/>
        <line num="108" count="18" type="stmt"/>
        <line num="109" count="82" type="stmt"/>
        <line num="110" count="82" type="cond" truecount="1" falsecount="0"/>
        <line num="111" count="64" type="stmt"/>
        <line num="112" count="64" type="stmt"/>
        <line num="114" count="64" type="stmt"/>
        <line num="124" count="18" type="stmt"/>
        <line num="131" count="3" type="stmt"/>
        <line num="134" count="3" type="cond" truecount="1" falsecount="1"/>
        <line num="135" count="3" type="stmt"/>
        <line num="136" count="6" type="stmt"/>
        <line num="137" count="6" type="cond" truecount="1" falsecount="0"/>
        <line num="138" count="6" type="stmt"/>
        <line num="146" count="3" type="stmt"/>
        <line num="153" count="13" type="stmt"/>
        <line num="156" count="13" type="cond" truecount="1" falsecount="1"/>
        <line num="157" count="13" type="stmt"/>
        <line num="158" count="13" type="stmt"/>
        <line num="162" count="13" type="cond" truecount="2" falsecount="0"/>
        <line num="163" count="13" type="stmt"/>
        <line num="164" count="0" type="stmt"/>
        <line num="167" count="13" type="stmt"/>
        <line num="174" count="15" type="stmt"/>
        <line num="175" count="15" type="stmt"/>
        <line num="177" count="15" type="stmt"/>
        <line num="178" count="43" type="stmt"/>
        <line num="179" count="43" type="cond" truecount="3" falsecount="0"/>
        <line num="180" count="28" type="stmt"/>
        <line num="184" count="15" type="stmt"/>
        <line num="191" count="64" type="stmt"/>
        <line num="193" count="64" type="cond" truecount="4" falsecount="0"/>
        <line num="194" count="18" type="stmt"/>
        <line num="196" count="46" type="cond" truecount="4" falsecount="0"/>
        <line num="197" count="5" type="stmt"/>
        <line num="199" count="41" type="cond" truecount="4" falsecount="0"/>
        <line num="200" count="23" type="stmt"/>
        <line num="202" count="18" type="cond" truecount="4" falsecount="0"/>
        <line num="203" count="5" type="stmt"/>
        <line num="206" count="13" type="stmt"/>
        <line num="213" count="64" type="stmt"/>
        <line num="215" count="64" type="cond" truecount="4" falsecount="0"/>
        <line num="216" count="23" type="stmt"/>
        <line num="218" count="41" type="cond" truecount="3" falsecount="0"/>
        <line num="219" count="13" type="stmt"/>
        <line num="222" count="28" type="stmt"/>
        <line num="228" count="1" type="stmt"/>
        <line num="229" count="11" type="stmt"/>
        <line num="231" count="11" type="stmt"/>
        <line num="232" count="16" type="stmt"/>
        <line num="233" count="16" type="cond" truecount="1" falsecount="0"/>
        <line num="234" count="14" type="stmt"/>
        <line num="235" count="14" type="stmt"/>
        <line num="239" count="11" type="stmt"/>
        <line num="245" count="1" type="stmt"/>
        <line num="246" count="4" type="stmt"/>
        <line num="248" count="4" type="stmt"/>
        <line num="249" count="5" type="stmt"/>
        <line num="253" count="4" type="stmt"/>
        <line num="259" count="1" type="stmt"/>
        <line num="260" count="4" type="stmt"/>
        <line num="262" count="4" type="stmt"/>
        <line num="263" count="5" type="stmt"/>
        <line num="266" count="4" type="stmt"/>
      </file>
    </package>
  </project>
</coverage>
