{"/home/runner/work/cats-seo-generator-v3-app/cats-seo-generator-v3-app/src/config/seo-skills.ts": {"path":"/home/runner/work/cats-seo-generator-v3-app/cats-seo-generator-v3-app/src/config/seo-skills.ts","statementMap":{"0":{"start":{"line":139,"column":0},"end":{"line":139,"column":16}},"1":{"start":{"line":147,"column":0},"end":{"line":147,"column":16}},"2":{"start":{"line":159,"column":0},"end":{"line":159,"column":16}},"3":{"start":{"line":6,"column":0},"end":{"line":6,"column":24}},"4":{"start":{"line":7,"column":0},"end":{"line":7,"column":20}},"5":{"start":{"line":13,"column":13},"end":{"line":69,"column":2}},"6":{"start":{"line":74,"column":13},"end":{"line":84,"column":2}},"7":{"start":{"line":89,"column":13},"end":{"line":94,"column":2}},"8":{"start":{"line":99,"column":13},"end":{"line":134,"column":2}},"9":{"start":{"line":140,"column":18},"end":{"line":140,"column":49}},"10":{"start":{"line":141,"column":2},"end":{"line":141,"column":76}},"11":{"start":{"line":148,"column":2},"end":{"line":153,"column":4}},"12":{"start":{"line":163,"column":2},"end":{"line":171,"column":3}},"13":{"start":{"line":164,"column":4},"end":{"line":164,"column":98}},"14":{"start":{"line":165,"column":9},"end":{"line":171,"column":3}},"15":{"start":{"line":166,"column":4},"end":{"line":166,"column":91}},"16":{"start":{"line":167,"column":9},"end":{"line":171,"column":3}},"17":{"start":{"line":168,"column":4},"end":{"line":168,"column":105}},"18":{"start":{"line":170,"column":4},"end":{"line":170,"column":93}}},"fnMap":{"0":{"name":"getSkillsForProfile","decl":{"start":{"line":139,"column":16},"end":{"line":139,"column":35}},"loc":{"start":{"line":139,"column":55},"end":{"line":142,"column":1}}},"1":{"name":"getAllAvailableSkills","decl":{"start":{"line":147,"column":16},"end":{"line":147,"column":37}},"loc":{"start":{"line":147,"column":37},"end":{"line":154,"column":1}}},"2":{"name":"getDeploymentRecommendation","decl":{"start":{"line":159,"column":16},"end":{"line":159,"column":43}},"loc":{"start":{"line":159,"column":57},"end":{"line":172,"column":1}}}},"branchMap":{"0":{"loc":{"start":{"line":100,"column":8},"end":{"line":100,"column":84}},"type":"binary-expr","locations":[{"start":{"line":100,"column":8},"end":{"line":100,"column":36}},{"start":{"line":100,"column":40},"end":{"line":100,"column":84}}]},"1":{"loc":{"start":{"line":141,"column":9},"end":{"line":141,"column":75}},"type":"cond-expr","locations":[{"start":{"line":141,"column":19},"end":{"line":141,"column":33}},{"start":{"line":141,"column":36},"end":{"line":141,"column":75}}]},"2":{"loc":{"start":{"line":163,"column":2},"end":{"line":171,"column":3}},"type":"if","locations":[{"start":{"line":163,"column":2},"end":{"line":171,"column":3}},{"start":{"line":165,"column":9},"end":{"line":171,"column":3}}]},"3":{"loc":{"start":{"line":165,"column":9},"end":{"line":171,"column":3}},"type":"if","locations":[{"start":{"line":165,"column":9},"end":{"line":171,"column":3}},{"start":{"line":167,"column":9},"end":{"line":171,"column":3}}]},"4":{"loc":{"start":{"line":167,"column":9},"end":{"line":171,"column":3}},"type":"if","locations":[{"start":{"line":167,"column":9},"end":{"line":171,"column":3}},{"start":{"line":169,"column":9},"end":{"line":171,"column":3}}]}},"s":{"0":2,"1":2,"2":2,"3":2,"4":2,"5":2,"6":2,"7":2,"8":2,"9":3,"10":3,"11":1,"12":8,"13":2,"14":6,"15":2,"16":4,"17":2,"18":2},"f":{"0":3,"1":1,"2":8},"b":{"0":[2,2],"1":[2,1],"2":[2,6],"3":[2,4],"4":[2,2]}}
,"/home/runner/work/cats-seo-generator-v3-app/cats-seo-generator-v3-app/src/data/keyword-priorities.ts": {"path":"/home/runner/work/cats-seo-generator-v3-app/cats-seo-generator-v3-app/src/data/keyword-priorities.ts","statementMap":{"0":{"start":{"line":125,"column":0},"end":{"line":125,"column":16}},"1":{"start":{"line":133,"column":0},"end":{"line":133,"column":16}},"2":{"start":{"line":138,"column":0},"end":{"line":138,"column":16}},"3":{"start":{"line":151,"column":0},"end":{"line":151,"column":16}},"4":{"start":{"line":174,"column":0},"end":{"line":174,"column":16}},"5":{"start":{"line":15,"column":0},"end":{"line":15,"column":57}},"6":{"start":{"line":28,"column":31},"end":{"line":42,"column":2}},"7":{"start":{"line":45,"column":33},"end":{"line":56,"column":2}},"8":{"start":{"line":60,"column":16},"end":{"line":60,"column":37}},"9":{"start":{"line":62,"column":2},"end":{"line":62,"column":66}},"10":{"start":{"line":62,"column":46},"end":{"line":62,"column":66}},"11":{"start":{"line":63,"column":2},"end":{"line":63,"column":70}},"12":{"start":{"line":63,"column":56},"end":{"line":63,"column":70}},"13":{"start":{"line":64,"column":2},"end":{"line":64,"column":53}},"14":{"start":{"line":64,"column":36},"end":{"line":64,"column":53}},"15":{"start":{"line":65,"column":2},"end":{"line":65,"column":54}},"16":{"start":{"line":65,"column":40},"end":{"line":65,"column":54}},"17":{"start":{"line":66,"column":2},"end":{"line":66,"column":55}},"18":{"start":{"line":66,"column":41},"end":{"line":66,"column":55}},"19":{"start":{"line":67,"column":2},"end":{"line":67,"column":88}},"20":{"start":{"line":67,"column":72},"end":{"line":67,"column":88}},"21":{"start":{"line":68,"column":2},"end":{"line":68,"column":65}},"22":{"start":{"line":68,"column":44},"end":{"line":68,"column":65}},"23":{"start":{"line":69,"column":2},"end":{"line":69,"column":87}},"24":{"start":{"line":69,"column":67},"end":{"line":69,"column":87}},"25":{"start":{"line":70,"column":2},"end":{"line":70,"column":81}},"26":{"start":{"line":70,"column":63},"end":{"line":70,"column":81}},"27":{"start":{"line":71,"column":2},"end":{"line":71,"column":144}},"28":{"start":{"line":71,"column":118},"end":{"line":71,"column":144}},"29":{"start":{"line":73,"column":2},"end":{"line":73,"column":19}},"30":{"start":{"line":78,"column":18},"end":{"line":78,"column":76}},"31":{"start":{"line":80,"column":16},"end":{"line":80,"column":37}},"32":{"start":{"line":83,"column":2},"end":{"line":83,"column":71}},"33":{"start":{"line":83,"column":55},"end":{"line":83,"column":71}},"34":{"start":{"line":86,"column":2},"end":{"line":86,"column":59}},"35":{"start":{"line":86,"column":44},"end":{"line":86,"column":59}},"36":{"start":{"line":89,"column":2},"end":{"line":89,"column":45}},"37":{"start":{"line":89,"column":30},"end":{"line":89,"column":45}},"38":{"start":{"line":92,"column":2},"end":{"line":92,"column":52}},"39":{"start":{"line":92,"column":37},"end":{"line":92,"column":52}},"40":{"start":{"line":94,"column":2},"end":{"line":94,"column":47}},"41":{"start":{"line":99,"column":2},"end":{"line":101,"column":3}},"42":{"start":{"line":99,"column":39},"end":{"line":99,"column":54}},"43":{"start":{"line":100,"column":4},"end":{"line":100,"column":18}},"44":{"start":{"line":102,"column":2},"end":{"line":104,"column":3}},"45":{"start":{"line":102,"column":41},"end":{"line":102,"column":56}},"46":{"start":{"line":103,"column":4},"end":{"line":103,"column":20}},"47":{"start":{"line":105,"column":2},"end":{"line":105,"column":15}},"48":{"start":{"line":110,"column":2},"end":{"line":119,"column":39}},"49":{"start":{"line":111,"column":21},"end":{"line":111,"column":47}},"50":{"start":{"line":112,"column":4},"end":{"line":118,"column":6}},"51":{"start":{"line":119,"column":20},"end":{"line":119,"column":37}},"52":{"start":{"line":123,"column":56},"end":{"line":123,"column":60}},"53":{"start":{"line":126,"column":2},"end":{"line":128,"column":3}},"54":{"start":{"line":127,"column":4},"end":{"line":127,"column":54}},"55":{"start":{"line":129,"column":2},"end":{"line":129,"column":30}},"56":{"start":{"line":134,"column":2},"end":{"line":134,"column":67}},"57":{"start":{"line":134,"column":46},"end":{"line":134,"column":65}},"58":{"start":{"line":139,"column":19},"end":{"line":139,"column":43}},"59":{"start":{"line":141,"column":2},"end":{"line":145,"column":3}},"60":{"start":{"line":142,"column":4},"end":{"line":144,"column":5}},"61":{"start":{"line":143,"column":6},"end":{"line":143,"column":16}},"62":{"start":{"line":147,"column":2},"end":{"line":147,"column":14}},"63":{"start":{"line":156,"column":19},"end":{"line":156,"column":43}},"64":{"start":{"line":158,"column":51},"end":{"line":158,"column":81}},"65":{"start":{"line":159,"column":45},"end":{"line":159,"column":47}},"66":{"start":{"line":161,"column":2},"end":{"line":164,"column":3}},"67":{"start":{"line":162,"column":4},"end":{"line":162,"column":30}},"68":{"start":{"line":163,"column":4},"end":{"line":163,"column":65}},"69":{"start":{"line":166,"column":2},"end":{"line":170,"column":4}},"70":{"start":{"line":179,"column":2},"end":{"line":183,"column":4}}},"fnMap":{"0":{"name":"detectCategory","decl":{"start":{"line":59,"column":9},"end":{"line":59,"column":23}},"loc":{"start":{"line":59,"column":39},"end":{"line":74,"column":1}}},"1":{"name":"calculateScore","decl":{"start":{"line":77,"column":9},"end":{"line":77,"column":23}},"loc":{"start":{"line":77,"column":63},"end":{"line":95,"column":1}}},"2":{"name":"determinePriority","decl":{"start":{"line":98,"column":9},"end":{"line":98,"column":26}},"loc":{"start":{"line":98,"column":42},"end":{"line":106,"column":1}}},"3":{"name":"(anonymous_3)","decl":{"start":{"line":99,"column":34},"end":{"line":99,"column":35}},"loc":{"start":{"line":99,"column":39},"end":{"line":99,"column":54}}},"4":{"name":"(anonymous_4)","decl":{"start":{"line":102,"column":36},"end":{"line":102,"column":37}},"loc":{"start":{"line":102,"column":41},"end":{"line":102,"column":56}}},"5":{"name":"buildPrioritizedKeywords","decl":{"start":{"line":109,"column":9},"end":{"line":109,"column":33}},"loc":{"start":{"line":109,"column":33},"end":{"line":120,"column":1}}},"6":{"name":"(anonymous_6)","decl":{"start":{"line":110,"column":26},"end":{"line":110,"column":33}},"loc":{"start":{"line":110,"column":36},"end":{"line":119,"column":3}}},"7":{"name":"(anonymous_7)","decl":{"start":{"line":119,"column":10},"end":{"line":119,"column":11}},"loc":{"start":{"line":119,"column":20},"end":{"line":119,"column":37}}},"8":{"name":"getPrioritizedKeywords","decl":{"start":{"line":125,"column":16},"end":{"line":125,"column":38}},"loc":{"start":{"line":125,"column":38},"end":{"line":130,"column":1}}},"9":{"name":"getKeywordsByPriority","decl":{"start":{"line":133,"column":16},"end":{"line":133,"column":37}},"loc":{"start":{"line":133,"column":56},"end":{"line":135,"column":1}}},"10":{"name":"(anonymous_10)","decl":{"start":{"line":134,"column":41},"end":{"line":134,"column":42}},"loc":{"start":{"line":134,"column":46},"end":{"line":134,"column":65}}},"11":{"name":"getNextKeyword","decl":{"start":{"line":138,"column":16},"end":{"line":138,"column":30}},"loc":{"start":{"line":138,"column":57},"end":{"line":148,"column":1}}},"12":{"name":"getKeywordStats","decl":{"start":{"line":151,"column":16},"end":{"line":151,"column":31}},"loc":{"start":{"line":151,"column":31},"end":{"line":171,"column":1}}},"13":{"name":"getTopKeywords","decl":{"start":{"line":174,"column":16},"end":{"line":174,"column":30}},"loc":{"start":{"line":174,"column":45},"end":{"line":184,"column":1}}}},"branchMap":{"0":{"loc":{"start":{"line":62,"column":2},"end":{"line":62,"column":66}},"type":"if","locations":[{"start":{"line":62,"column":2},"end":{"line":62,"column":66}}]},"1":{"loc":{"start":{"line":63,"column":2},"end":{"line":63,"column":70}},"type":"if","locations":[{"start":{"line":63,"column":2},"end":{"line":63,"column":70}}]},"2":{"loc":{"start":{"line":64,"column":2},"end":{"line":64,"column":53}},"type":"if","locations":[{"start":{"line":64,"column":2},"end":{"line":64,"column":53}}]},"3":{"loc":{"start":{"line":65,"column":2},"end":{"line":65,"column":54}},"type":"if","locations":[{"start":{"line":65,"column":2},"end":{"line":65,"column":54}}]},"4":{"loc":{"start":{"line":66,"column":2},"end":{"line":66,"column":55}},"type":"if","locations":[{"start":{"line":66,"column":2},"end":{"line":66,"column":55}}]},"5":{"loc":{"start":{"line":67,"column":2},"end":{"line":67,"column":88}},"type":"if","locations":[{"start":{"line":67,"column":2},"end":{"line":67,"column":88}}]},"6":{"loc":{"start":{"line":68,"column":2},"end":{"line":68,"column":65}},"type":"if","locations":[{"start":{"line":68,"column":2},"end":{"line":68,"column":65}}]},"7":{"loc":{"start":{"line":69,"column":2},"end":{"line":69,"column":87}},"type":"if","locations":[{"start":{"line":69,"column":2},"end":{"line":69,"column":87}}]},"8":{"loc":{"start":{"line":70,"column":2},"end":{"line":70,"column":81}},"type":"if","locations":[{"start":{"line":70,"column":2},"end":{"line":70,"column":81}}]},"9":{"loc":{"start":{"line":71,"column":2},"end":{"line":71,"column":144}},"type":"if","locations":[{"start":{"line":71,"column":2},"end":{"line":71,"column":144}}]},"10":{"loc":{"start":{"line":78,"column":18},"end":{"line":78,"column":76}},"type":"cond-expr","locations":[{"start":{"line":78,"column":40},"end":{"line":78,"column":42}},{"start":{"line":78,"column":45},"end":{"line":78,"column":76}}]},"11":{"loc":{"start":{"line":78,"column":45},"end":{"line":78,"column":76}},"type":"cond-expr","locations":[{"start":{"line":78,"column":69},"end":{"line":78,"column":71}},{"start":{"line":78,"column":74},"end":{"line":78,"column":76}}]},"12":{"loc":{"start":{"line":83,"column":2},"end":{"line":83,"column":71}},"type":"if","locations":[{"start":{"line":83,"column":2},"end":{"line":83,"column":71}}]},"13":{"loc":{"start":{"line":86,"column":2},"end":{"line":86,"column":59}},"type":"if","locations":[{"start":{"line":86,"column":2},"end":{"line":86,"column":59}}]},"14":{"loc":{"start":{"line":89,"column":2},"end":{"line":89,"column":45}},"type":"if","locations":[{"start":{"line":89,"column":2},"end":{"line":89,"column":45}}]},"15":{"loc":{"start":{"line":92,"column":2},"end":{"line":92,"column":52}},"type":"if","locations":[{"start":{"line":92,"column":2},"end":{"line":92,"column":52}}]},"16":{"loc":{"start":{"line":99,"column":2},"end":{"line":101,"column":3}},"type":"if","locations":[{"start":{"line":99,"column":2},"end":{"line":101,"column":3}}]},"17":{"loc":{"start":{"line":102,"column":2},"end":{"line":104,"column":3}},"type":"if","locations":[{"start":{"line":102,"column":2},"end":{"line":104,"column":3}}]},"18":{"loc":{"start":{"line":126,"column":2},"end":{"line":128,"column":3}},"type":"if","locations":[{"start":{"line":126,"column":2},"end":{"line":128,"column":3}}]},"19":{"loc":{"start":{"line":142,"column":4},"end":{"line":144,"column":5}},"type":"if","locations":[{"start":{"line":142,"column":4},"end":{"line":144,"column":5}}]},"20":{"loc":{"start":{"line":163,"column":31},"end":{"line":163,"column":59}},"type":"binary-expr","locations":[{"start":{"line":163,"column":31},"end":{"line":163,"column":54}},{"start":{"line":163,"column":58},"end":{"line":163,"column":59}}]},"21":{"loc":{"start":{"line":174,"column":31},"end":{"line":174,"column":45}},"type":"default-arg","locations":[{"start":{"line":174,"column":43},"end":{"line":174,"column":45}}]}},"s":{"0":1,"1":1,"2":1,"3":1,"4":1,"5":1,"6":1,"7":1,"8":9398,"9":9398,"10":216,"11":9182,"12":348,"13":8834,"14":124,"15":8710,"16":435,"17":8275,"18":591,"19":7684,"20":48,"21":7636,"22":114,"23":7522,"24":372,"25":7150,"26":89,"27":7061,"28":80,"29":6981,"30":9398,"31":9398,"32":9398,"33":176,"34":9398,"35":258,"36":9398,"37":99,"38":9398,"39":276,"40":9398,"41":9398,"42":120310,"43":263,"44":9135,"45":87204,"46":705,"47":8430,"48":1,"49":9398,"50":9398,"51":32435,"52":1,"53":46,"54":1,"55":46,"56":25,"57":234950,"58":4,"59":4,"60":9402,"61":3,"62":1,"63":4,"64":4,"65":4,"66":4,"67":37592,"68":37592,"69":4,"70":6},"f":{"0":9398,"1":9398,"2":9398,"3":120310,"4":87204,"5":1,"6":9398,"7":32435,"8":46,"9":25,"10":234950,"11":4,"12":4,"13":6},"b":{"0":[216],"1":[348],"2":[124],"3":[435],"4":[591],"5":[48],"6":[114],"7":[372],"8":[89],"9":[80],"10":[263,9135],"11":[705,8430],"12":[176],"13":[258],"14":[99],"15":[276],"16":[263],"17":[705],"18":[1],"19":[3],"20":[37592,44],"21":[2]}}
,"/home/runner/work/cats-seo-generator-v3-app/cats-seo-generator-v3-app/src/data/keywords-full.ts": {"path":"/home/runner/work/cats-seo-generator-v3-app/cats-seo-generator-v3-app/src/data/keywords-full.ts","statementMap":{"0":{"start":{"line":9404,"column":0},"end":{"line":9404,"column":16}},"1":{"start":{"line":3,"column":13},"end":{"line":9402,"column":2}},"2":{"start":{"line":9404,"column":45},"end":{"line":9404,"column":65}}},"fnMap":{"0":{"name":"getAllKeywords","decl":{"start":{"line":9404,"column":16},"end":{"line":9404,"column":30}},"loc":{"start":{"line":9404,"column":30},"end":{"line":9404,"column":67}}}},"branchMap":{},"s":{"0":2,"1":2,"2":0},"f":{"0":0},"b":{}}
,"/home/runner/work/cats-seo-generator-v3-app/cats-seo-generator-v3-app/src/data/seo-data.ts": {"path":"/home/runner/work/cats-seo-generator-v3-app/cats-seo-generator-v3-app/src/data/seo-data.ts","statementMap":{"0":{"start":{"line":56,"column":0},"end":{"line":56,"column":16}},"1":{"start":{"line":133,"column":0},"end":{"line":133,"column":16}},"2":{"start":{"line":138,"column":0},"end":{"line":138,"column":16}},"3":{"start":{"line":160,"column":0},"end":{"line":160,"column":16}},"4":{"start":{"line":232,"column":0},"end":{"line":232,"column":16}},"5":{"start":{"line":245,"column":0},"end":{"line":245,"column":16}},"6":{"start":{"line":258,"column":0},"end":{"line":258,"column":16}},"7":{"start":{"line":262,"column":0},"end":{"line":262,"column":16}},"8":{"start":{"line":307,"column":0},"end":{"line":307,"column":16}},"9":{"start":{"line":364,"column":0},"end":{"line":364,"column":7}},"10":{"start":{"line":414,"column":0},"end":{"line":414,"column":16}},"11":{"start":{"line":428,"column":0},"end":{"line":428,"column":16}},"12":{"start":{"line":439,"column":0},"end":{"line":439,"column":16}},"13":{"start":{"line":445,"column":0},"end":{"line":445,"column":16}},"14":{"start":{"line":450,"column":0},"end":{"line":450,"column":16}},"15":{"start":{"line":18,"column":13},"end":{"line":54,"column":2}},"16":{"start":{"line":57,"column":16},"end":{"line":57,"column":35}},"17":{"start":{"line":59,"column":2},"end":{"line":61,"column":3}},"18":{"start":{"line":60,"column":4},"end":{"line":60,"column":29}},"19":{"start":{"line":62,"column":2},"end":{"line":64,"column":3}},"20":{"start":{"line":63,"column":4},"end":{"line":63,"column":29}},"21":{"start":{"line":65,"column":2},"end":{"line":67,"column":3}},"22":{"start":{"line":66,"column":4},"end":{"line":66,"column":29}},"23":{"start":{"line":68,"column":2},"end":{"line":70,"column":3}},"24":{"start":{"line":69,"column":4},"end":{"line":69,"column":29}},"25":{"start":{"line":71,"column":2},"end":{"line":73,"column":3}},"26":{"start":{"line":72,"column":4},"end":{"line":72,"column":29}},"27":{"start":{"line":75,"column":15},"end":{"line":75,"column":71}},"28":{"start":{"line":75,"column":48},"end":{"line":75,"column":67}},"29":{"start":{"line":76,"column":2},"end":{"line":76,"column":54}},"30":{"start":{"line":83,"column":13},"end":{"line":109,"column":2}},"31":{"start":{"line":115,"column":13},"end":{"line":127,"column":2}},"32":{"start":{"line":134,"column":2},"end":{"line":134,"column":27}},"33":{"start":{"line":134,"column":14},"end":{"line":134,"column":27}},"34":{"start":{"line":135,"column":2},"end":{"line":135,"column":22}},"35":{"start":{"line":139,"column":2},"end":{"line":139,"column":53}},"36":{"start":{"line":139,"column":41},"end":{"line":139,"column":53}},"37":{"start":{"line":141,"column":20},"end":{"line":141,"column":58}},"38":{"start":{"line":142,"column":15},"end":{"line":142,"column":17}},"39":{"start":{"line":144,"column":2},"end":{"line":150,"column":3}},"40":{"start":{"line":145,"column":4},"end":{"line":149,"column":5}},"41":{"start":{"line":146,"column":6},"end":{"line":146,"column":25}},"42":{"start":{"line":148,"column":6},"end":{"line":148,"column":12}},"43":{"start":{"line":152,"column":2},"end":{"line":155,"column":3}},"44":{"start":{"line":153,"column":22},"end":{"line":153,"column":58}},"45":{"start":{"line":154,"column":4},"end":{"line":154,"column":83}},"46":{"start":{"line":157,"column":2},"end":{"line":157,"column":23}},"47":{"start":{"line":161,"column":24},"end":{"line":161,"column":43}},"48":{"start":{"line":162,"column":23},"end":{"line":162,"column":52}},"49":{"start":{"line":164,"column":16},"end":{"line":164,"column":75}},"50":{"start":{"line":165,"column":26},"end":{"line":165,"column":97}},"51":{"start":{"line":167,"column":22},"end":{"line":167,"column":81}},"52":{"start":{"line":169,"column":2},"end":{"line":176,"column":3}},"53":{"start":{"line":170,"column":4},"end":{"line":172,"column":5}},"54":{"start":{"line":171,"column":6},"end":{"line":171,"column":95}},"55":{"start":{"line":173,"column":4},"end":{"line":175,"column":5}},"56":{"start":{"line":174,"column":6},"end":{"line":174,"column":103}},"57":{"start":{"line":178,"column":2},"end":{"line":178,"column":49}},"58":{"start":{"line":185,"column":13},"end":{"line":196,"column":2}},"59":{"start":{"line":207,"column":47},"end":{"line":207,"column":56}},"60":{"start":{"line":208,"column":20},"end":{"line":208,"column":21}},"61":{"start":{"line":211,"column":29},"end":{"line":211,"column":31}},"62":{"start":{"line":212,"column":15},"end":{"line":212,"column":52}},"63":{"start":{"line":213,"column":2},"end":{"line":213,"column":22}},"64":{"start":{"line":215,"column":20},"end":{"line":218,"column":11}},"65":{"start":{"line":220,"column":2},"end":{"line":222,"column":3}},"66":{"start":{"line":221,"column":4},"end":{"line":221,"column":29}},"67":{"start":{"line":224,"column":21},"end":{"line":224,"column":175}},"68":{"start":{"line":225,"column":2},"end":{"line":227,"column":3}},"69":{"start":{"line":226,"column":4},"end":{"line":226,"column":40}},"70":{"start":{"line":229,"column":2},"end":{"line":229,"column":59}},"71":{"start":{"line":229,"column":44},"end":{"line":229,"column":57}},"72":{"start":{"line":233,"column":2},"end":{"line":233,"column":33}},"73":{"start":{"line":233,"column":26},"end":{"line":233,"column":33}},"74":{"start":{"line":234,"column":19},"end":{"line":234,"column":39}},"75":{"start":{"line":235,"column":2},"end":{"line":241,"column":3}},"76":{"start":{"line":236,"column":21},"end":{"line":236,"column":53}},"77":{"start":{"line":237,"column":4},"end":{"line":240,"column":5}},"78":{"start":{"line":237,"column":28},"end":{"line":237,"column":43}},"79":{"start":{"line":238,"column":6},"end":{"line":238,"column":40}},"80":{"start":{"line":239,"column":6},"end":{"line":239,"column":43}},"81":{"start":{"line":242,"column":2},"end":{"line":242,"column":18}},"82":{"start":{"line":246,"column":2},"end":{"line":246,"column":26}},"83":{"start":{"line":246,"column":17},"end":{"line":246,"column":26}},"84":{"start":{"line":247,"column":19},"end":{"line":247,"column":20}},"85":{"start":{"line":248,"column":2},"end":{"line":253,"column":3}},"86":{"start":{"line":249,"column":4},"end":{"line":252,"column":5}},"87":{"start":{"line":250,"column":6},"end":{"line":250,"column":48}},"88":{"start":{"line":251,"column":6},"end":{"line":251,"column":19}},"89":{"start":{"line":254,"column":2},"end":{"line":254,"column":166}},"90":{"start":{"line":255,"column":2},"end":{"line":255,"column":20}},"91":{"start":{"line":259,"column":2},"end":{"line":259,"column":23}},"92":{"start":{"line":263,"column":2},"end":{"line":263,"column":62}},"93":{"start":{"line":263,"column":47},"end":{"line":263,"column":62}},"94":{"start":{"line":264,"column":2},"end":{"line":264,"column":47}},"95":{"start":{"line":264,"column":32},"end":{"line":264,"column":47}},"96":{"start":{"line":266,"column":15},"end":{"line":266,"column":22}},"97":{"start":{"line":267,"column":19},"end":{"line":267,"column":20}},"98":{"start":{"line":268,"column":19},"end":{"line":268,"column":20}},"99":{"start":{"line":269,"column":20},"end":{"line":269,"column":37}},"100":{"start":{"line":271,"column":25},"end":{"line":272,"column":40}},"101":{"start":{"line":272,"column":20},"end":{"line":272,"column":39}},"102":{"start":{"line":274,"column":2},"end":{"line":302,"column":3}},"103":{"start":{"line":275,"column":4},"end":{"line":275,"column":38}},"104":{"start":{"line":275,"column":32},"end":{"line":275,"column":38}},"105":{"start":{"line":277,"column":23},"end":{"line":277,"column":55}},"106":{"start":{"line":278,"column":30},"end":{"line":280,"column":108}},"107":{"start":{"line":279,"column":19},"end":{"line":279,"column":67}},"108":{"start":{"line":280,"column":22},"end":{"line":280,"column":107}},"109":{"start":{"line":282,"column":4},"end":{"line":282,"column":49}},"110":{"start":{"line":282,"column":40},"end":{"line":282,"column":49}},"111":{"start":{"line":284,"column":19},"end":{"line":284,"column":103}},"112":{"start":{"line":286,"column":27},"end":{"line":286,"column":73}},"113":{"start":{"line":289,"column":24},"end":{"line":289,"column":60}},"114":{"start":{"line":290,"column":18},"end":{"line":290,"column":70}},"115":{"start":{"line":291,"column":18},"end":{"line":291,"column":23}},"116":{"start":{"line":293,"column":4},"end":{"line":301,"column":7}},"117":{"start":{"line":294,"column":6},"end":{"line":299,"column":7}},"118":{"start":{"line":295,"column":8},"end":{"line":295,"column":23}},"119":{"start":{"line":296,"column":8},"end":{"line":296,"column":21}},"120":{"start":{"line":297,"column":8},"end":{"line":297,"column":35}},"121":{"start":{"line":298,"column":8},"end":{"line":298,"column":97}},"122":{"start":{"line":300,"column":6},"end":{"line":300,"column":19}},"123":{"start":{"line":304,"column":2},"end":{"line":304,"column":16}},"124":{"start":{"line":308,"column":79},"end":{"line":308,"column":81}},"125":{"start":{"line":309,"column":20},"end":{"line":309,"column":37}},"126":{"start":{"line":311,"column":26},"end":{"line":311,"column":53}},"127":{"start":{"line":313,"column":2},"end":{"line":329,"column":3}},"128":{"start":{"line":314,"column":4},"end":{"line":314,"column":39}},"129":{"start":{"line":314,"column":33},"end":{"line":314,"column":39}},"130":{"start":{"line":315,"column":23},"end":{"line":315,"column":50}},"131":{"start":{"line":316,"column":4},"end":{"line":328,"column":5}},"132":{"start":{"line":317,"column":6},"end":{"line":317,"column":41}},"133":{"start":{"line":317,"column":35},"end":{"line":317,"column":41}},"134":{"start":{"line":318,"column":6},"end":{"line":318,"column":74}},"135":{"start":{"line":318,"column":65},"end":{"line":318,"column":74}},"136":{"start":{"line":319,"column":6},"end":{"line":319,"column":53}},"137":{"start":{"line":319,"column":44},"end":{"line":319,"column":53}},"138":{"start":{"line":320,"column":6},"end":{"line":327,"column":7}},"139":{"start":{"line":321,"column":8},"end":{"line":321,"column":33}},"140":{"start":{"line":322,"column":8},"end":{"line":326,"column":11}},"141":{"start":{"line":324,"column":73},"end":{"line":324,"column":88}},"142":{"start":{"line":331,"column":2},"end":{"line":348,"column":3}},"143":{"start":{"line":332,"column":4},"end":{"line":347,"column":5}},"144":{"start":{"line":333,"column":6},"end":{"line":333,"column":41}},"145":{"start":{"line":333,"column":35},"end":{"line":333,"column":41}},"146":{"start":{"line":334,"column":6},"end":{"line":346,"column":7}},"147":{"start":{"line":335,"column":8},"end":{"line":335,"column":43}},"148":{"start":{"line":335,"column":37},"end":{"line":335,"column":43}},"149":{"start":{"line":336,"column":8},"end":{"line":336,"column":76}},"150":{"start":{"line":336,"column":67},"end":{"line":336,"column":76}},"151":{"start":{"line":337,"column":8},"end":{"line":337,"column":55}},"152":{"start":{"line":337,"column":46},"end":{"line":337,"column":55}},"153":{"start":{"line":338,"column":8},"end":{"line":345,"column":9}},"154":{"start":{"line":339,"column":10},"end":{"line":339,"column":35}},"155":{"start":{"line":340,"column":10},"end":{"line":344,"column":13}},"156":{"start":{"line":342,"column":75},"end":{"line":342,"column":90}},"157":{"start":{"line":350,"column":2},"end":{"line":350,"column":17}},"158":{"start":{"line":357,"column":21},"end":{"line":357,"column":39}},"159":{"start":{"line":358,"column":22},"end":{"line":358,"column":37}},"160":{"start":{"line":359,"column":32},"end":{"line":359,"column":34}},"161":{"start":{"line":360,"column":25},"end":{"line":360,"column":30}},"162":{"start":{"line":361,"column":23},"end":{"line":361,"column":24}},"163":{"start":{"line":362,"column":30},"end":{"line":362,"column":34}},"164":{"start":{"line":365,"column":2},"end":{"line":365,"column":26}},"165":{"start":{"line":367,"column":2},"end":{"line":369,"column":3}},"166":{"start":{"line":368,"column":4},"end":{"line":368,"column":27}},"167":{"start":{"line":371,"column":2},"end":{"line":371,"column":14}},"168":{"start":{"line":375,"column":2},"end":{"line":375,"column":63}},"169":{"start":{"line":375,"column":56},"end":{"line":375,"column":63}},"170":{"start":{"line":377,"column":2},"end":{"line":377,"column":28}},"171":{"start":{"line":379,"column":2},"end":{"line":409,"column":3}},"172":{"start":{"line":380,"column":30},"end":{"line":380,"column":59}},"173":{"start":{"line":381,"column":4},"end":{"line":383,"column":5}},"174":{"start":{"line":382,"column":6},"end":{"line":382,"column":87}},"175":{"start":{"line":382,"column":29},"end":{"line":382,"column":85}},"176":{"start":{"line":385,"column":17},"end":{"line":385,"column":76}},"177":{"start":{"line":387,"column":4},"end":{"line":408,"column":5}},"178":{"start":{"line":388,"column":23},"end":{"line":397,"column":8}},"179":{"start":{"line":399,"column":6},"end":{"line":399,"column":36}},"180":{"start":{"line":401,"column":6},"end":{"line":405,"column":7}},"181":{"start":{"line":402,"column":8},"end":{"line":402,"column":80}},"182":{"start":{"line":404,"column":8},"end":{"line":404,"column":66}},"183":{"start":{"line":407,"column":6},"end":{"line":407,"column":59}},"184":{"start":{"line":411,"column":2},"end":{"line":411,"column":29}},"185":{"start":{"line":415,"column":2},"end":{"line":415,"column":22}},"186":{"start":{"line":423,"column":0},"end":{"line":423,"column":64}},"187":{"start":{"line":425,"column":13},"end":{"line":425,"column":42}},"188":{"start":{"line":429,"column":19},"end":{"line":429,"column":61}},"189":{"start":{"line":430,"column":2},"end":{"line":435,"column":4}},"190":{"start":{"line":440,"column":19},"end":{"line":440,"column":68}},"191":{"start":{"line":440,"column":48},"end":{"line":440,"column":67}},"192":{"start":{"line":441,"column":2},"end":{"line":441,"column":34}},"193":{"start":{"line":446,"column":2},"end":{"line":446,"column":81}},"194":{"start":{"line":451,"column":45},"end":{"line":456,"column":4}},"195":{"start":{"line":458,"column":2},"end":{"line":469,"column":3}},"196":{"start":{"line":459,"column":18},"end":{"line":459,"column":34}},"197":{"start":{"line":460,"column":4},"end":{"line":468,"column":5}},"198":{"start":{"line":461,"column":6},"end":{"line":461,"column":23}},"199":{"start":{"line":462,"column":11},"end":{"line":468,"column":5}},"200":{"start":{"line":463,"column":6},"end":{"line":463,"column":23}},"201":{"start":{"line":464,"column":11},"end":{"line":468,"column":5}},"202":{"start":{"line":465,"column":6},"end":{"line":465,"column":26}},"203":{"start":{"line":467,"column":6},"end":{"line":467,"column":27}},"204":{"start":{"line":471,"column":2},"end":{"line":471,"column":52}}},"fnMap":{"0":{"name":"getAuthorForTopic","decl":{"start":{"line":56,"column":16},"end":{"line":56,"column":33}},"loc":{"start":{"line":56,"column":47},"end":{"line":77,"column":1}}},"1":{"name":"(anonymous_1)","decl":{"start":{"line":75,"column":38},"end":{"line":75,"column":39}},"loc":{"start":{"line":75,"column":48},"end":{"line":75,"column":67}}},"2":{"name":"truncateTitle","decl":{"start":{"line":133,"column":16},"end":{"line":133,"column":29}},"loc":{"start":{"line":133,"column":67},"end":{"line":136,"column":1}}},"3":{"name":"truncateMetaDescription","decl":{"start":{"line":138,"column":16},"end":{"line":138,"column":39}},"loc":{"start":{"line":138,"column":77},"end":{"line":158,"column":1}}},"4":{"name":"enforceSEOLimits","decl":{"start":{"line":160,"column":16},"end":{"line":160,"column":32}},"loc":{"start":{"line":160,"column":86},"end":{"line":179,"column":1}}},"5":{"name":"slugToKeywords","decl":{"start":{"line":210,"column":9},"end":{"line":210,"column":23}},"loc":{"start":{"line":210,"column":36},"end":{"line":230,"column":1}}},"6":{"name":"(anonymous_6)","decl":{"start":{"line":229,"column":39},"end":{"line":229,"column":40}},"loc":{"start":{"line":229,"column":44},"end":{"line":229,"column":57}}},"7":{"name":"registerArticleForLinking","decl":{"start":{"line":232,"column":16},"end":{"line":232,"column":41}},"loc":{"start":{"line":232,"column":72},"end":{"line":243,"column":1}}},"8":{"name":"(anonymous_8)","decl":{"start":{"line":237,"column":23},"end":{"line":237,"column":24}},"loc":{"start":{"line":237,"column":28},"end":{"line":237,"column":43}}},"9":{"name":"bulkRegisterArticles","decl":{"start":{"line":245,"column":16},"end":{"line":245,"column":36}},"loc":{"start":{"line":245,"column":70},"end":{"line":256,"column":1}}},"10":{"name":"getInternalLinkCount","decl":{"start":{"line":258,"column":16},"end":{"line":258,"column":36}},"loc":{"start":{"line":258,"column":36},"end":{"line":260,"column":1}}},"11":{"name":"autoLink","decl":{"start":{"line":262,"column":16},"end":{"line":262,"column":24}},"loc":{"start":{"line":262,"column":103},"end":{"line":305,"column":1}}},"12":{"name":"(anonymous_12)","decl":{"start":{"line":272,"column":10},"end":{"line":272,"column":11}},"loc":{"start":{"line":272,"column":20},"end":{"line":272,"column":39}}},"13":{"name":"(anonymous_13)","decl":{"start":{"line":279,"column":14},"end":{"line":279,"column":15}},"loc":{"start":{"line":279,"column":19},"end":{"line":279,"column":67}}},"14":{"name":"(anonymous_14)","decl":{"start":{"line":280,"column":12},"end":{"line":280,"column":13}},"loc":{"start":{"line":280,"column":22},"end":{"line":280,"column":107}}},"15":{"name":"(anonymous_15)","decl":{"start":{"line":293,"column":35},"end":{"line":293,"column":36}},"loc":{"start":{"line":293,"column":45},"end":{"line":301,"column":5}}},"16":{"name":"getRelatedArticles","decl":{"start":{"line":307,"column":16},"end":{"line":307,"column":34}},"loc":{"start":{"line":307,"column":115},"end":{"line":351,"column":1}}},"17":{"name":"(anonymous_17)","decl":{"start":{"line":324,"column":68},"end":{"line":324,"column":69}},"loc":{"start":{"line":324,"column":73},"end":{"line":324,"column":88}}},"18":{"name":"(anonymous_18)","decl":{"start":{"line":342,"column":70},"end":{"line":342,"column":71}},"loc":{"start":{"line":342,"column":75},"end":{"line":342,"column":90}}},"19":{"name":"notifyIndexNow","decl":{"start":{"line":364,"column":22},"end":{"line":364,"column":36}},"loc":{"start":{"line":364,"column":48},"end":{"line":372,"column":1}}},"20":{"name":"processIndexNowQueue","decl":{"start":{"line":374,"column":15},"end":{"line":374,"column":35}},"loc":{"start":{"line":374,"column":35},"end":{"line":412,"column":1}}},"21":{"name":"(anonymous_21)","decl":{"start":{"line":382,"column":24},"end":{"line":382,"column":25}},"loc":{"start":{"line":382,"column":29},"end":{"line":382,"column":85}}},"22":{"name":"getIndexNowKey","decl":{"start":{"line":414,"column":16},"end":{"line":414,"column":30}},"loc":{"start":{"line":414,"column":30},"end":{"line":416,"column":1}}},"23":{"name":"getKeywords","decl":{"start":{"line":428,"column":16},"end":{"line":428,"column":27}},"loc":{"start":{"line":428,"column":67},"end":{"line":436,"column":1}}},"24":{"name":"getRandomKeywords","decl":{"start":{"line":439,"column":16},"end":{"line":439,"column":33}},"loc":{"start":{"line":439,"column":47},"end":{"line":442,"column":1}}},"25":{"name":"(anonymous_25)","decl":{"start":{"line":440,"column":42},"end":{"line":440,"column":45}},"loc":{"start":{"line":440,"column":48},"end":{"line":440,"column":67}}},"26":{"name":"keywordToSlug","decl":{"start":{"line":445,"column":16},"end":{"line":445,"column":29}},"loc":{"start":{"line":445,"column":45},"end":{"line":447,"column":1}}},"27":{"name":"getKeywordStats","decl":{"start":{"line":450,"column":16},"end":{"line":450,"column":31}},"loc":{"start":{"line":450,"column":31},"end":{"line":472,"column":1}}}},"branchMap":{"0":{"loc":{"start":{"line":59,"column":2},"end":{"line":61,"column":3}},"type":"if","locations":[{"start":{"line":59,"column":2},"end":{"line":61,"column":3}}]},"1":{"loc":{"start":{"line":59,"column":6},"end":{"line":59,"column":91}},"type":"binary-expr","locations":[{"start":{"line":59,"column":6},"end":{"line":59,"column":33}},{"start":{"line":59,"column":37},"end":{"line":59,"column":61}},{"start":{"line":59,"column":65},"end":{"line":59,"column":91}}]},"2":{"loc":{"start":{"line":62,"column":2},"end":{"line":64,"column":3}},"type":"if","locations":[{"start":{"line":62,"column":2},"end":{"line":64,"column":3}}]},"3":{"loc":{"start":{"line":62,"column":6},"end":{"line":62,"column":116}},"type":"binary-expr","locations":[{"start":{"line":62,"column":6},"end":{"line":62,"column":30}},{"start":{"line":62,"column":34},"end":{"line":62,"column":60}},{"start":{"line":62,"column":64},"end":{"line":62,"column":87}},{"start":{"line":62,"column":91},"end":{"line":62,"column":116}}]},"4":{"loc":{"start":{"line":65,"column":2},"end":{"line":67,"column":3}},"type":"if","locations":[{"start":{"line":65,"column":2},"end":{"line":67,"column":3}}]},"5":{"loc":{"start":{"line":65,"column":6},"end":{"line":65,"column":89}},"type":"binary-expr","locations":[{"start":{"line":65,"column":6},"end":{"line":65,"column":30}},{"start":{"line":65,"column":34},"end":{"line":65,"column":59}},{"start":{"line":65,"column":63},"end":{"line":65,"column":89}}]},"6":{"loc":{"start":{"line":68,"column":2},"end":{"line":70,"column":3}},"type":"if","locations":[{"start":{"line":68,"column":2},"end":{"line":70,"column":3}}]},"7":{"loc":{"start":{"line":68,"column":6},"end":{"line":68,"column":117}},"type":"binary-expr","locations":[{"start":{"line":68,"column":6},"end":{"line":68,"column":28}},{"start":{"line":68,"column":32},"end":{"line":68,"column":57}},{"start":{"line":68,"column":61},"end":{"line":68,"column":85}},{"start":{"line":68,"column":89},"end":{"line":68,"column":117}}]},"8":{"loc":{"start":{"line":71,"column":2},"end":{"line":73,"column":3}},"type":"if","locations":[{"start":{"line":71,"column":2},"end":{"line":73,"column":3}}]},"9":{"loc":{"start":{"line":71,"column":6},"end":{"line":71,"column":94}},"type":"binary-expr","locations":[{"start":{"line":71,"column":6},"end":{"line":71,"column":32}},{"start":{"line":71,"column":36},"end":{"line":71,"column":62}},{"start":{"line":71,"column":66},"end":{"line":71,"column":94}}]},"10":{"loc":{"start":{"line":133,"column":45},"end":{"line":133,"column":67}},"type":"default-arg","locations":[{"start":{"line":133,"column":65},"end":{"line":133,"column":67}}]},"11":{"loc":{"start":{"line":134,"column":2},"end":{"line":134,"column":27}},"type":"if","locations":[{"start":{"line":134,"column":2},"end":{"line":134,"column":27}}]},"12":{"loc":{"start":{"line":138,"column":54},"end":{"line":138,"column":77}},"type":"default-arg","locations":[{"start":{"line":138,"column":74},"end":{"line":138,"column":77}}]},"13":{"loc":{"start":{"line":139,"column":2},"end":{"line":139,"column":53}},"type":"if","locations":[{"start":{"line":139,"column":2},"end":{"line":139,"column":53}}]},"14":{"loc":{"start":{"line":139,"column":6},"end":{"line":139,"column":39}},"type":"binary-expr","locations":[{"start":{"line":139,"column":6},"end":{"line":139,"column":11}},{"start":{"line":139,"column":15},"end":{"line":139,"column":39}}]},"15":{"loc":{"start":{"line":141,"column":20},"end":{"line":141,"column":58}},"type":"binary-expr","locations":[{"start":{"line":141,"column":20},"end":{"line":141,"column":48}},{"start":{"line":141,"column":52},"end":{"line":141,"column":58}}]},"16":{"loc":{"start":{"line":145,"column":4},"end":{"line":149,"column":5}},"type":"if","locations":[{"start":{"line":145,"column":4},"end":{"line":149,"column":5}},{"start":{"line":147,"column":11},"end":{"line":149,"column":5}}]},"17":{"loc":{"start":{"line":152,"column":2},"end":{"line":155,"column":3}},"type":"if","locations":[{"start":{"line":152,"column":2},"end":{"line":155,"column":3}}]},"18":{"loc":{"start":{"line":152,"column":6},"end":{"line":152,"column":47}},"type":"binary-expr","locations":[{"start":{"line":152,"column":6},"end":{"line":152,"column":25}},{"start":{"line":152,"column":29},"end":{"line":152,"column":47}}]},"19":{"loc":{"start":{"line":154,"column":31},"end":{"line":154,"column":73}},"type":"cond-expr","locations":[{"start":{"line":154,"column":48},"end":{"line":154,"column":57}},{"start":{"line":154,"column":60},"end":{"line":154,"column":73}}]},"20":{"loc":{"start":{"line":161,"column":24},"end":{"line":161,"column":43}},"type":"binary-expr","locations":[{"start":{"line":161,"column":24},"end":{"line":161,"column":37}},{"start":{"line":161,"column":41},"end":{"line":161,"column":43}}]},"21":{"loc":{"start":{"line":162,"column":23},"end":{"line":162,"column":52}},"type":"binary-expr","locations":[{"start":{"line":162,"column":23},"end":{"line":162,"column":46}},{"start":{"line":162,"column":50},"end":{"line":162,"column":52}}]},"22":{"loc":{"start":{"line":167,"column":22},"end":{"line":167,"column":81}},"type":"binary-expr","locations":[{"start":{"line":167,"column":22},"end":{"line":167,"column":45}},{"start":{"line":167,"column":49},"end":{"line":167,"column":81}}]},"23":{"loc":{"start":{"line":169,"column":2},"end":{"line":176,"column":3}},"type":"if","locations":[{"start":{"line":169,"column":2},"end":{"line":176,"column":3}}]},"24":{"loc":{"start":{"line":170,"column":4},"end":{"line":172,"column":5}},"type":"if","locations":[{"start":{"line":170,"column":4},"end":{"line":172,"column":5}}]},"25":{"loc":{"start":{"line":173,"column":4},"end":{"line":175,"column":5}},"type":"if","locations":[{"start":{"line":173,"column":4},"end":{"line":175,"column":5}}]},"26":{"loc":{"start":{"line":220,"column":2},"end":{"line":222,"column":3}},"type":"if","locations":[{"start":{"line":220,"column":2},"end":{"line":222,"column":3}}]},"27":{"loc":{"start":{"line":220,"column":6},"end":{"line":220,"column":62}},"type":"binary-expr","locations":[{"start":{"line":220,"column":6},"end":{"line":220,"column":15}},{"start":{"line":220,"column":19},"end":{"line":220,"column":37}},{"start":{"line":220,"column":41},"end":{"line":220,"column":62}}]},"28":{"loc":{"start":{"line":225,"column":2},"end":{"line":227,"column":3}},"type":"if","locations":[{"start":{"line":225,"column":2},"end":{"line":227,"column":3}}]},"29":{"loc":{"start":{"line":225,"column":6},"end":{"line":225,"column":52}},"type":"binary-expr","locations":[{"start":{"line":225,"column":6},"end":{"line":225,"column":16}},{"start":{"line":225,"column":20},"end":{"line":225,"column":52}}]},"30":{"loc":{"start":{"line":233,"column":2},"end":{"line":233,"column":33}},"type":"if","locations":[{"start":{"line":233,"column":2},"end":{"line":233,"column":33}}]},"31":{"loc":{"start":{"line":233,"column":6},"end":{"line":233,"column":24}},"type":"binary-expr","locations":[{"start":{"line":233,"column":6},"end":{"line":233,"column":11}},{"start":{"line":233,"column":15},"end":{"line":233,"column":24}}]},"32":{"loc":{"start":{"line":236,"column":21},"end":{"line":236,"column":53}},"type":"binary-expr","locations":[{"start":{"line":236,"column":21},"end":{"line":236,"column":47}},{"start":{"line":236,"column":51},"end":{"line":236,"column":53}}]},"33":{"loc":{"start":{"line":237,"column":4},"end":{"line":240,"column":5}},"type":"if","locations":[{"start":{"line":237,"column":4},"end":{"line":240,"column":5}}]},"34":{"loc":{"start":{"line":246,"column":2},"end":{"line":246,"column":26}},"type":"if","locations":[{"start":{"line":246,"column":2},"end":{"line":246,"column":26}}]},"35":{"loc":{"start":{"line":249,"column":4},"end":{"line":252,"column":5}},"type":"if","locations":[{"start":{"line":249,"column":4},"end":{"line":252,"column":5}}]},"36":{"loc":{"start":{"line":262,"column":63},"end":{"line":262,"column":103}},"type":"default-arg","locations":[{"start":{"line":262,"column":89},"end":{"line":262,"column":103}}]},"37":{"loc":{"start":{"line":263,"column":2},"end":{"line":263,"column":62}},"type":"if","locations":[{"start":{"line":263,"column":2},"end":{"line":263,"column":62}}]},"38":{"loc":{"start":{"line":263,"column":6},"end":{"line":263,"column":45}},"type":"binary-expr","locations":[{"start":{"line":263,"column":6},"end":{"line":263,"column":14}},{"start":{"line":263,"column":18},"end":{"line":263,"column":45}}]},"39":{"loc":{"start":{"line":264,"column":2},"end":{"line":264,"column":47}},"type":"if","locations":[{"start":{"line":264,"column":2},"end":{"line":264,"column":47}}]},"40":{"loc":{"start":{"line":275,"column":4},"end":{"line":275,"column":38}},"type":"if","locations":[{"start":{"line":275,"column":4},"end":{"line":275,"column":38}}]},"41":{"loc":{"start":{"line":277,"column":23},"end":{"line":277,"column":55}},"type":"binary-expr","locations":[{"start":{"line":277,"column":23},"end":{"line":277,"column":49}},{"start":{"line":277,"column":53},"end":{"line":277,"column":55}}]},"42":{"loc":{"start":{"line":279,"column":19},"end":{"line":279,"column":67}},"type":"binary-expr","locations":[{"start":{"line":279,"column":19},"end":{"line":279,"column":41}},{"start":{"line":279,"column":45},"end":{"line":279,"column":67}}]},"43":{"loc":{"start":{"line":280,"column":23},"end":{"line":280,"column":62}},"type":"cond-expr","locations":[{"start":{"line":280,"column":56},"end":{"line":280,"column":58}},{"start":{"line":280,"column":61},"end":{"line":280,"column":62}}]},"44":{"loc":{"start":{"line":280,"column":67},"end":{"line":280,"column":106}},"type":"cond-expr","locations":[{"start":{"line":280,"column":100},"end":{"line":280,"column":102}},{"start":{"line":280,"column":105},"end":{"line":280,"column":106}}]},"45":{"loc":{"start":{"line":282,"column":4},"end":{"line":282,"column":49}},"type":"if","locations":[{"start":{"line":282,"column":4},"end":{"line":282,"column":49}}]},"46":{"loc":{"start":{"line":294,"column":6},"end":{"line":299,"column":7}},"type":"if","locations":[{"start":{"line":294,"column":6},"end":{"line":299,"column":7}}]},"47":{"loc":{"start":{"line":294,"column":10},"end":{"line":294,"column":43}},"type":"binary-expr","locations":[{"start":{"line":294,"column":10},"end":{"line":294,"column":18}},{"start":{"line":294,"column":22},"end":{"line":294,"column":43}}]},"48":{"loc":{"start":{"line":307,"column":56},"end":{"line":307,"column":96}},"type":"default-arg","locations":[{"start":{"line":307,"column":82},"end":{"line":307,"column":96}}]},"49":{"loc":{"start":{"line":307,"column":98},"end":{"line":307,"column":115}},"type":"default-arg","locations":[{"start":{"line":307,"column":114},"end":{"line":307,"column":115}}]},"50":{"loc":{"start":{"line":314,"column":4},"end":{"line":314,"column":39}},"type":"if","locations":[{"start":{"line":314,"column":4},"end":{"line":314,"column":39}}]},"51":{"loc":{"start":{"line":315,"column":23},"end":{"line":315,"column":50}},"type":"binary-expr","locations":[{"start":{"line":315,"column":23},"end":{"line":315,"column":44}},{"start":{"line":315,"column":48},"end":{"line":315,"column":50}}]},"52":{"loc":{"start":{"line":317,"column":6},"end":{"line":317,"column":41}},"type":"if","locations":[{"start":{"line":317,"column":6},"end":{"line":317,"column":41}}]},"53":{"loc":{"start":{"line":318,"column":6},"end":{"line":318,"column":74}},"type":"if","locations":[{"start":{"line":318,"column":6},"end":{"line":318,"column":74}}]},"54":{"loc":{"start":{"line":318,"column":10},"end":{"line":318,"column":63}},"type":"binary-expr","locations":[{"start":{"line":318,"column":10},"end":{"line":318,"column":35}},{"start":{"line":318,"column":39},"end":{"line":318,"column":63}}]},"55":{"loc":{"start":{"line":319,"column":6},"end":{"line":319,"column":53}},"type":"if","locations":[{"start":{"line":319,"column":6},"end":{"line":319,"column":53}}]},"56":{"loc":{"start":{"line":320,"column":6},"end":{"line":327,"column":7}},"type":"if","locations":[{"start":{"line":320,"column":6},"end":{"line":327,"column":7}}]},"57":{"loc":{"start":{"line":331,"column":2},"end":{"line":348,"column":3}},"type":"if","locations":[{"start":{"line":331,"column":2},"end":{"line":348,"column":3}}]},"58":{"loc":{"start":{"line":333,"column":6},"end":{"line":333,"column":41}},"type":"if","locations":[{"start":{"line":333,"column":6},"end":{"line":333,"column":41}}]},"59":{"loc":{"start":{"line":335,"column":8},"end":{"line":335,"column":43}},"type":"if","locations":[{"start":{"line":335,"column":8},"end":{"line":335,"column":43}}]},"60":{"loc":{"start":{"line":336,"column":8},"end":{"line":336,"column":76}},"type":"if","locations":[{"start":{"line":336,"column":8},"end":{"line":336,"column":76}}]},"61":{"loc":{"start":{"line":336,"column":12},"end":{"line":336,"column":65}},"type":"binary-expr","locations":[{"start":{"line":336,"column":12},"end":{"line":336,"column":37}},{"start":{"line":336,"column":41},"end":{"line":336,"column":65}}]},"62":{"loc":{"start":{"line":337,"column":8},"end":{"line":337,"column":55}},"type":"if","locations":[{"start":{"line":337,"column":8},"end":{"line":337,"column":55}}]},"63":{"loc":{"start":{"line":338,"column":8},"end":{"line":345,"column":9}},"type":"if","locations":[{"start":{"line":338,"column":8},"end":{"line":345,"column":9}}]},"64":{"loc":{"start":{"line":367,"column":2},"end":{"line":369,"column":3}},"type":"if","locations":[{"start":{"line":367,"column":2},"end":{"line":369,"column":3}}]},"65":{"loc":{"start":{"line":375,"column":2},"end":{"line":375,"column":63}},"type":"if","locations":[{"start":{"line":375,"column":2},"end":{"line":375,"column":63}}]},"66":{"loc":{"start":{"line":375,"column":6},"end":{"line":375,"column":54}},"type":"binary-expr","locations":[{"start":{"line":375,"column":6},"end":{"line":375,"column":24}},{"start":{"line":375,"column":28},"end":{"line":375,"column":54}}]},"67":{"loc":{"start":{"line":381,"column":4},"end":{"line":383,"column":5}},"type":"if","locations":[{"start":{"line":381,"column":4},"end":{"line":383,"column":5}}]},"68":{"loc":{"start":{"line":401,"column":6},"end":{"line":405,"column":7}},"type":"if","locations":[{"start":{"line":401,"column":6},"end":{"line":405,"column":7}},{"start":{"line":403,"column":13},"end":{"line":405,"column":7}}]},"69":{"loc":{"start":{"line":401,"column":10},"end":{"line":401,"column":48}},"type":"binary-expr","locations":[{"start":{"line":401,"column":10},"end":{"line":401,"column":21}},{"start":{"line":401,"column":25},"end":{"line":401,"column":48}}]},"70":{"loc":{"start":{"line":428,"column":28},"end":{"line":428,"column":46}},"type":"default-arg","locations":[{"start":{"line":428,"column":45},"end":{"line":428,"column":46}}]},"71":{"loc":{"start":{"line":428,"column":48},"end":{"line":428,"column":67}},"type":"default-arg","locations":[{"start":{"line":428,"column":64},"end":{"line":428,"column":67}}]},"72":{"loc":{"start":{"line":460,"column":4},"end":{"line":468,"column":5}},"type":"if","locations":[{"start":{"line":460,"column":4},"end":{"line":468,"column":5}},{"start":{"line":462,"column":11},"end":{"line":468,"column":5}}]},"73":{"loc":{"start":{"line":460,"column":8},"end":{"line":460,"column":85}},"type":"binary-expr","locations":[{"start":{"line":460,"column":8},"end":{"line":460,"column":29}},{"start":{"line":460,"column":33},"end":{"line":460,"column":57}},{"start":{"line":460,"column":61},"end":{"line":460,"column":85}}]},"74":{"loc":{"start":{"line":462,"column":11},"end":{"line":468,"column":5}},"type":"if","locations":[{"start":{"line":462,"column":11},"end":{"line":468,"column":5}},{"start":{"line":464,"column":11},"end":{"line":468,"column":5}}]},"75":{"loc":{"start":{"line":462,"column":15},"end":{"line":462,"column":91}},"type":"binary-expr","locations":[{"start":{"line":462,"column":15},"end":{"line":462,"column":36}},{"start":{"line":462,"column":40},"end":{"line":462,"column":63}},{"start":{"line":462,"column":67},"end":{"line":462,"column":91}}]},"76":{"loc":{"start":{"line":464,"column":11},"end":{"line":468,"column":5}},"type":"if","locations":[{"start":{"line":464,"column":11},"end":{"line":468,"column":5}},{"start":{"line":466,"column":11},"end":{"line":468,"column":5}}]},"77":{"loc":{"start":{"line":464,"column":15},"end":{"line":464,"column":122}},"type":"binary-expr","locations":[{"start":{"line":464,"column":15},"end":{"line":464,"column":37}},{"start":{"line":464,"column":41},"end":{"line":464,"column":66}},{"start":{"line":464,"column":70},"end":{"line":464,"column":94}},{"start":{"line":464,"column":98},"end":{"line":464,"column":122}}]}},"s":{"0":2,"1":2,"2":2,"3":2,"4":2,"5":2,"6":2,"7":2,"8":2,"9":2,"10":2,"11":2,"12":2,"13":2,"14":2,"15":2,"16":15,"17":15,"18":2,"19":13,"20":2,"21":11,"22":2,"23":9,"24":3,"25":6,"26":1,"27":5,"28":126,"29":5,"30":2,"31":2,"32":9,"33":3,"34":6,"35":12,"36":8,"37":4,"38":4,"39":4,"40":18,"41":15,"42":3,"43":4,"44":2,"45":2,"46":4,"47":5,"48":5,"49":5,"50":5,"51":5,"52":5,"53":1,"54":0,"55":1,"56":1,"57":5,"58":2,"59":2,"60":2,"61":22,"62":22,"63":22,"64":22,"65":22,"66":1,"67":22,"68":22,"69":1,"70":22,"71":23,"72":18,"73":0,"74":18,"75":18,"76":19,"77":19,"78":0,"79":19,"80":19,"81":18,"82":3,"83":1,"84":2,"85":2,"86":6,"87":4,"88":4,"89":2,"90":2,"91":2,"92":5,"93":2,"94":3,"95":0,"96":3,"97":3,"98":3,"99":3,"100":3,"101":74,"102":3,"103":21,"104":1,"105":20,"106":20,"107":20,"108":0,"109":20,"110":2,"111":18,"112":18,"113":18,"114":18,"115":18,"116":18,"117":5,"118":5,"119":5,"120":5,"121":5,"122":0,"123":3,"124":4,"125":4,"126":4,"127":4,"128":4,"129":0,"130":4,"131":4,"132":1,"133":0,"134":1,"135":1,"136":0,"137":0,"138":0,"139":0,"140":0,"141":0,"142":4,"143":4,"144":28,"145":4,"146":24,"147":24,"148":0,"149":24,"150":1,"151":23,"152":0,"153":23,"154":23,"155":23,"156":77,"157":4,"158":2,"159":2,"160":2,"161":2,"162":2,"163":2,"164":0,"165":0,"166":0,"167":0,"168":0,"169":0,"170":0,"171":0,"172":0,"173":0,"174":0,"175":0,"176":0,"177":0,"178":0,"179":0,"180":0,"181":0,"182":0,"183":0,"184":0,"185":1,"186":2,"187":2,"188":7,"189":7,"190":3,"191":320022,"192":3,"193":9404,"194":3,"195":3,"196":28194,"197":28194,"198":1896,"199":26298,"200":1455,"201":24843,"202":90,"203":24753,"204":3},"f":{"0":15,"1":126,"2":9,"3":12,"4":5,"5":22,"6":23,"7":18,"8":0,"9":3,"10":2,"11":5,"12":74,"13":20,"14":0,"15":5,"16":4,"17":0,"18":77,"19":0,"20":0,"21":0,"22":1,"23":7,"24":3,"25":320022,"26":9404,"27":3},"b":{"0":[2],"1":[15,14,13],"2":[2],"3":[13,12,12,11],"4":[2],"5":[11,10,9],"6":[3],"7":[9,8,7,7],"8":[1],"9":[6,5,5],"10":[3],"11":[3],"12":[7],"13":[8],"14":[12,8],"15":[4,1],"16":[15,3],"17":[2],"18":[4,3],"19":[1,1],"20":[5,2],"21":[5,2],"22":[5,5],"23":[1],"24":[0],"25":[1],"26":[1],"27":[22,22,1],"28":[1],"29":[22,1],"30":[0],"31":[18,18],"32":[19,19],"33":[19],"34":[1],"35":[4],"36":[0],"37":[2],"38":[5,3],"39":[0],"40":[1],"41":[20,0],"42":[20,18],"43":[0,0],"44":[0,0],"45":[2],"46":[5],"47":[5,5],"48":[0],"49":[1],"50":[0],"51":[4,3],"52":[0],"53":[1],"54":[1,0],"55":[0],"56":[0],"57":[4],"58":[4],"59":[0],"60":[1],"61":[24,24],"62":[0],"63":[23],"64":[0],"65":[0],"66":[0,0],"67":[0],"68":[0,0],"69":[0,0],"70":[2],"71":[2],"72":[1896,26298],"73":[28194,26397,26340],"74":[1455,24843],"75":[26298,25035,24930],"76":[90,24753],"77":[24843,24822,24807,24777]}}
,"/home/runner/work/cats-seo-generator-v3-app/cats-seo-generator-v3-app/src/services/generation-history.ts": {"path":"/home/runner/work/cats-seo-generator-v3-app/cats-seo-generator-v3-app/src/services/generation-history.ts","statementMap":{"0":{"start":{"line":127,"column":0},"end":{"line":127,"column":16}},"1":{"start":{"line":131,"column":0},"end":{"line":131,"column":16}},"2":{"start":{"line":135,"column":0},"end":{"line":135,"column":16}},"3":{"start":{"line":143,"column":0},"end":{"line":143,"column":16}},"4":{"start":{"line":153,"column":0},"end":{"line":153,"column":16}},"5":{"start":{"line":157,"column":0},"end":{"line":157,"column":16}},"6":{"start":{"line":178,"column":0},"end":{"line":178,"column":16}},"7":{"start":{"line":182,"column":0},"end":{"line":182,"column":16}},"8":{"start":{"line":1,"column":0},"end":{"line":1,"column":25}},"9":{"start":{"line":2,"column":0},"end":{"line":2,"column":29}},"10":{"start":{"line":9,"column":17},"end":{"line":9,"column":57}},"11":{"start":{"line":10,"column":21},"end":{"line":10,"column":68}},"12":{"start":{"line":11,"column":20},"end":{"line":11,"column":55}},"13":{"start":{"line":12,"column":31},"end":{"line":12,"column":76}},"14":{"start":{"line":13,"column":22},"end":{"line":13,"column":38}},"15":{"start":{"line":16,"column":0},"end":{"line":16,"column":79}},"16":{"start":{"line":16,"column":6},"end":{"line":16,"column":50}},"17":{"start":{"line":101,"column":2},"end":{"line":111,"column":3}},"18":{"start":{"line":102,"column":17},"end":{"line":102,"column":38}},"19":{"start":{"line":103,"column":4},"end":{"line":108,"column":5}},"20":{"start":{"line":104,"column":23},"end":{"line":104,"column":41}},"21":{"start":{"line":106,"column":6},"end":{"line":106,"column":66}},"22":{"start":{"line":106,"column":12},"end":{"line":106,"column":36}},"23":{"start":{"line":107,"column":6},"end":{"line":107,"column":40}},"24":{"start":{"line":117,"column":2},"end":{"line":122,"column":3}},"25":{"start":{"line":118,"column":4},"end":{"line":118,"column":29}},"26":{"start":{"line":119,"column":4},"end":{"line":119,"column":63}},"27":{"start":{"line":121,"column":4},"end":{"line":121,"column":100}},"28":{"start":{"line":128,"column":2},"end":{"line":128,"column":36}},"29":{"start":{"line":132,"column":2},"end":{"line":132,"column":35}},"30":{"start":{"line":136,"column":2},"end":{"line":140,"column":3}},"31":{"start":{"line":137,"column":4},"end":{"line":137,"column":80}},"32":{"start":{"line":139,"column":4},"end":{"line":139,"column":96}},"33":{"start":{"line":144,"column":16},"end":{"line":149,"column":4}},"34":{"start":{"line":150,"column":2},"end":{"line":150,"column":35}},"35":{"start":{"line":154,"column":2},"end":{"line":154,"column":122}},"36":{"start":{"line":154,"column":77},"end":{"line":154,"column":120}},"37":{"start":{"line":158,"column":16},"end":{"line":158,"column":42}},"38":{"start":{"line":159,"column":40},"end":{"line":159,"column":44}},"39":{"start":{"line":160,"column":34},"end":{"line":160,"column":36}},"40":{"start":{"line":162,"column":2},"end":{"line":173,"column":3}},"41":{"start":{"line":163,"column":4},"end":{"line":172,"column":40}},"42":{"start":{"line":164,"column":21},"end":{"line":164,"column":37}},"43":{"start":{"line":165,"column":6},"end":{"line":171,"column":7}},"44":{"start":{"line":166,"column":8},"end":{"line":170,"column":9}},"45":{"start":{"line":167,"column":10},"end":{"line":167,"column":40}},"46":{"start":{"line":168,"column":15},"end":{"line":170,"column":9}},"47":{"start":{"line":169,"column":10},"end":{"line":169,"column":26}},"48":{"start":{"line":175,"column":2},"end":{"line":175,"column":49}},"49":{"start":{"line":179,"column":2},"end":{"line":179,"column":59}},"50":{"start":{"line":183,"column":2},"end":{"line":188,"column":3}},"51":{"start":{"line":184,"column":16},"end":{"line":184,"column":64}},"52":{"start":{"line":185,"column":4},"end":{"line":185,"column":47}},"53":{"start":{"line":187,"column":4},"end":{"line":187,"column":16}},"54":{"start":{"line":194,"column":2},"end":{"line":198,"column":3}},"55":{"start":{"line":195,"column":4},"end":{"line":195,"column":74}},"56":{"start":{"line":197,"column":4},"end":{"line":197,"column":14}},"57":{"start":{"line":202,"column":16},"end":{"line":202,"column":38}},"58":{"start":{"line":203,"column":23},"end":{"line":203,"column":25}},"59":{"start":{"line":206,"column":2},"end":{"line":212,"column":3}},"60":{"start":{"line":206,"column":15},"end":{"line":206,"column":31}},"61":{"start":{"line":207,"column":4},"end":{"line":211,"column":40}},"62":{"start":{"line":208,"column":21},"end":{"line":208,"column":41}},"63":{"start":{"line":209,"column":6},"end":{"line":209,"column":46}},"64":{"start":{"line":209,"column":37},"end":{"line":209,"column":46}},"65":{"start":{"line":210,"column":6},"end":{"line":210,"column":32}},"66":{"start":{"line":214,"column":2},"end":{"line":214,"column":47}}},"fnMap":{"0":{"name":"rotateIfNeeded","decl":{"start":{"line":100,"column":9},"end":{"line":100,"column":23}},"loc":{"start":{"line":100,"column":40},"end":{"line":112,"column":1}}},"1":{"name":"appendJsonl","decl":{"start":{"line":116,"column":9},"end":{"line":116,"column":20}},"loc":{"start":{"line":116,"column":66},"end":{"line":123,"column":1}}},"2":{"name":"saveGenerationRecord","decl":{"start":{"line":127,"column":16},"end":{"line":127,"column":36}},"loc":{"start":{"line":127,"column":61},"end":{"line":129,"column":1}}},"3":{"name":"saveErrorRecord","decl":{"start":{"line":131,"column":16},"end":{"line":131,"column":31}},"loc":{"start":{"line":131,"column":51},"end":{"line":133,"column":1}}},"4":{"name":"updateCategoryProgress","decl":{"start":{"line":135,"column":16},"end":{"line":135,"column":38}},"loc":{"start":{"line":135,"column":65},"end":{"line":141,"column":1}}},"5":{"name":"appendPageSpeedToHistory","decl":{"start":{"line":143,"column":16},"end":{"line":143,"column":40}},"loc":{"start":{"line":143,"column":103},"end":{"line":151,"column":1}}},"6":{"name":"getHistory","decl":{"start":{"line":153,"column":16},"end":{"line":153,"column":26}},"loc":{"start":{"line":153,"column":49},"end":{"line":155,"column":1}}},"7":{"name":"(anonymous_16)","decl":{"start":{"line":154,"column":70},"end":{"line":154,"column":71}},"loc":{"start":{"line":154,"column":77},"end":{"line":154,"column":120}}},"8":{"name":"getHistoryForSlug","decl":{"start":{"line":157,"column":16},"end":{"line":157,"column":33}},"loc":{"start":{"line":157,"column":46},"end":{"line":176,"column":1}}},"9":{"name":"getErrors","decl":{"start":{"line":178,"column":16},"end":{"line":178,"column":25}},"loc":{"start":{"line":178,"column":36},"end":{"line":180,"column":1}}},"10":{"name":"getCategoryProgress","decl":{"start":{"line":182,"column":16},"end":{"line":182,"column":35}},"loc":{"start":{"line":182,"column":35},"end":{"line":189,"column":1}}},"11":{"name":"readAllLines","decl":{"start":{"line":193,"column":9},"end":{"line":193,"column":21}},"loc":{"start":{"line":193,"column":38},"end":{"line":199,"column":1}}},"12":{"name":"readJsonlTail","decl":{"start":{"line":201,"column":9},"end":{"line":201,"column":22}},"loc":{"start":{"line":201,"column":103},"end":{"line":215,"column":1}}}},"branchMap":{"0":{"loc":{"start":{"line":103,"column":4},"end":{"line":108,"column":5}},"type":"if","locations":[{"start":{"line":103,"column":4},"end":{"line":108,"column":5}}]},"1":{"loc":{"start":{"line":153,"column":27},"end":{"line":153,"column":37}},"type":"default-arg","locations":[{"start":{"line":153,"column":35},"end":{"line":153,"column":37}}]},"2":{"loc":{"start":{"line":153,"column":39},"end":{"line":153,"column":49}},"type":"default-arg","locations":[{"start":{"line":153,"column":48},"end":{"line":153,"column":49}}]},"3":{"loc":{"start":{"line":154,"column":77},"end":{"line":154,"column":120}},"type":"binary-expr","locations":[{"start":{"line":154,"column":77},"end":{"line":154,"column":95}},{"start":{"line":154,"column":99},"end":{"line":154,"column":120}}]},"4":{"loc":{"start":{"line":165,"column":6},"end":{"line":171,"column":7}},"type":"if","locations":[{"start":{"line":165,"column":6},"end":{"line":171,"column":7}}]},"5":{"loc":{"start":{"line":166,"column":8},"end":{"line":170,"column":9}},"type":"if","locations":[{"start":{"line":166,"column":8},"end":{"line":170,"column":9}},{"start":{"line":168,"column":15},"end":{"line":170,"column":9}}]},"6":{"loc":{"start":{"line":168,"column":15},"end":{"line":170,"column":9}},"type":"if","locations":[{"start":{"line":168,"column":15},"end":{"line":170,"column":9}}]},"7":{"loc":{"start":{"line":178,"column":26},"end":{"line":178,"column":36}},"type":"default-arg","locations":[{"start":{"line":178,"column":34},"end":{"line":178,"column":36}}]},"8":{"loc":{"start":{"line":209,"column":6},"end":{"line":209,"column":46}},"type":"if","locations":[{"start":{"line":209,"column":6},"end":{"line":209,"column":46}}]},"9":{"loc":{"start":{"line":209,"column":10},"end":{"line":209,"column":35}},"type":"binary-expr","locations":[{"start":{"line":209,"column":10},"end":{"line":209,"column":16}},{"start":{"line":209,"column":20},"end":{"line":209,"column":35}}]}},"s":{"0":1,"1":1,"2":1,"3":1,"4":1,"5":1,"6":1,"7":1,"8":1,"9":1,"10":1,"11":1,"12":1,"13":1,"14":1,"15":1,"16":1,"17":16,"18":16,"19":16,"20":0,"21":0,"22":0,"23":0,"24":16,"25":16,"26":16,"27":0,"28":11,"29":2,"30":3,"31":3,"32":0,"33":3,"34":3,"35":8,"36":51,"37":4,"38":4,"39":4,"40":4,"41":43,"42":43,"43":43,"44":5,"45":2,"46":3,"47":3,"48":4,"49":2,"50":3,"51":3,"52":2,"53":1,"54":14,"55":14,"56":0,"57":10,"58":10,"59":10,"60":10,"61":54,"62":54,"63":54,"64":3,"65":51,"66":10},"f":{"0":16,"1":16,"2":11,"3":2,"4":3,"5":3,"6":8,"7":51,"8":4,"9":2,"10":3,"11":14,"12":10},"b":{"0":[0],"1":[0],"2":[7],"3":[51,48],"4":[5],"5":[2,3],"6":[3],"7":[0],"8":[3],"9":[54,51]}}
,"/home/runner/work/cats-seo-generator-v3-app/cats-seo-generator-v3-app/src/services/seo-score.ts": {"path":"/home/runner/work/cats-seo-generator-v3-app/cats-seo-generator-v3-app/src/services/seo-score.ts","statementMap":{"0":{"start":{"line":7,"column":0},"end":{"line":7,"column":16}},"1":{"start":{"line":65,"column":0},"end":{"line":65,"column":7}},"2":{"start":{"line":4,"column":0},"end":{"line":4,"column":35}},"3":{"start":{"line":5,"column":0},"end":{"line":5,"column":33}},"4":{"start":{"line":8,"column":24},"end":{"line":16,"column":4}},"5":{"start":{"line":18,"column":27},"end":{"line":21,"column":4}},"6":{"start":{"line":23,"column":31},"end":{"line":23,"column":33}},"7":{"start":{"line":24,"column":33},"end":{"line":24,"column":35}},"8":{"start":{"line":26,"column":2},"end":{"line":33,"column":3}},"9":{"start":{"line":27,"column":18},"end":{"line":27,"column":78}},"10":{"start":{"line":27,"column":48},"end":{"line":27,"column":77}},"11":{"start":{"line":28,"column":4},"end":{"line":32,"column":5}},"12":{"start":{"line":29,"column":6},"end":{"line":29,"column":33}},"13":{"start":{"line":31,"column":6},"end":{"line":31,"column":35}},"14":{"start":{"line":35,"column":2},"end":{"line":40,"column":3}},"15":{"start":{"line":36,"column":18},"end":{"line":36,"column":78}},"16":{"start":{"line":36,"column":48},"end":{"line":36,"column":77}},"17":{"start":{"line":37,"column":4},"end":{"line":39,"column":5}},"18":{"start":{"line":38,"column":6},"end":{"line":38,"column":52}},"19":{"start":{"line":42,"column":18},"end":{"line":42,"column":43}},"20":{"start":{"line":43,"column":2},"end":{"line":43,"column":47}},"21":{"start":{"line":72,"column":44},"end":{"line":77,"column":4}},"22":{"start":{"line":79,"column":2},"end":{"line":202,"column":3}},"23":{"start":{"line":80,"column":14},"end":{"line":80,"column":39}},"24":{"start":{"line":82,"column":25},"end":{"line":82,"column":102}},"25":{"start":{"line":83,"column":28},"end":{"line":83,"column":98}},"26":{"start":{"line":84,"column":24},"end":{"line":84,"column":94}},"27":{"start":{"line":86,"column":24},"end":{"line":89,"column":18}},"28":{"start":{"line":88,"column":19},"end":{"line":88,"column":125}},"29":{"start":{"line":91,"column":24},"end":{"line":99,"column":6}},"30":{"start":{"line":101,"column":21},"end":{"line":101,"column":63}},"31":{"start":{"line":102,"column":19},"end":{"line":102,"column":46}},"32":{"start":{"line":103,"column":22},"end":{"line":103,"column":55}},"33":{"start":{"line":105,"column":22},"end":{"line":105,"column":23}},"34":{"start":{"line":106,"column":46},"end":{"line":106,"column":48}},"35":{"start":{"line":108,"column":16},"end":{"line":112,"column":5}},"36":{"start":{"line":109,"column":6},"end":{"line":109,"column":27}},"37":{"start":{"line":109,"column":20},"end":{"line":109,"column":27}},"38":{"start":{"line":110,"column":6},"end":{"line":110,"column":51}},"39":{"start":{"line":111,"column":6},"end":{"line":111,"column":25}},"40":{"start":{"line":114,"column":29},"end":{"line":114,"column":116}},"41":{"start":{"line":115,"column":25},"end":{"line":115,"column":112}},"42":{"start":{"line":116,"column":32},"end":{"line":116,"column":133}},"43":{"start":{"line":117,"column":25},"end":{"line":117,"column":122}},"44":{"start":{"line":118,"column":4},"end":{"line":118,"column":51}},"45":{"start":{"line":118,"column":26},"end":{"line":118,"column":51}},"46":{"start":{"line":119,"column":4},"end":{"line":119,"column":47}},"47":{"start":{"line":119,"column":22},"end":{"line":119,"column":47}},"48":{"start":{"line":120,"column":4},"end":{"line":120,"column":61}},"49":{"start":{"line":120,"column":29},"end":{"line":120,"column":61}},"50":{"start":{"line":121,"column":4},"end":{"line":121,"column":52}},"51":{"start":{"line":121,"column":22},"end":{"line":121,"column":52}},"52":{"start":{"line":123,"column":26},"end":{"line":123,"column":76}},"53":{"start":{"line":124,"column":4},"end":{"line":125,"column":63}},"54":{"start":{"line":124,"column":28},"end":{"line":124,"column":58}},"55":{"start":{"line":125,"column":9},"end":{"line":125,"column":63}},"56":{"start":{"line":125,"column":33},"end":{"line":125,"column":63}},"57":{"start":{"line":126,"column":4},"end":{"line":126,"column":66}},"58":{"start":{"line":126,"column":29},"end":{"line":126,"column":66}},"59":{"start":{"line":128,"column":26},"end":{"line":128,"column":67}},"60":{"start":{"line":129,"column":27},"end":{"line":129,"column":62}},"61":{"start":{"line":130,"column":29},"end":{"line":130,"column":61}},"62":{"start":{"line":132,"column":4},"end":{"line":141,"column":5}},"63":{"start":{"line":133,"column":6},"end":{"line":133,"column":44}},"64":{"start":{"line":134,"column":11},"end":{"line":141,"column":5}},"65":{"start":{"line":135,"column":6},"end":{"line":135,"column":43}},"66":{"start":{"line":136,"column":6},"end":{"line":138,"column":7}},"67":{"start":{"line":137,"column":8},"end":{"line":137,"column":123}},"68":{"start":{"line":139,"column":11},"end":{"line":141,"column":5}},"69":{"start":{"line":140,"column":6},"end":{"line":140,"column":38}},"70":{"start":{"line":143,"column":24},"end":{"line":143,"column":44}},"71":{"start":{"line":144,"column":24},"end":{"line":146,"column":52}},"72":{"start":{"line":147,"column":26},"end":{"line":147,"column":93}},"73":{"start":{"line":147,"column":73},"end":{"line":147,"column":85}},"74":{"start":{"line":148,"column":21},"end":{"line":148,"column":44}},"75":{"start":{"line":149,"column":20},"end":{"line":149,"column":44}},"76":{"start":{"line":150,"column":4},"end":{"line":152,"column":63}},"77":{"start":{"line":150,"column":44},"end":{"line":150,"column":74}},"78":{"start":{"line":151,"column":9},"end":{"line":152,"column":63}},"79":{"start":{"line":151,"column":47},"end":{"line":151,"column":80}},"80":{"start":{"line":152,"column":9},"end":{"line":152,"column":63}},"81":{"start":{"line":152,"column":35},"end":{"line":152,"column":63}},"82":{"start":{"line":154,"column":20},"end":{"line":154,"column":34}},"83":{"start":{"line":155,"column":20},"end":{"line":155,"column":34}},"84":{"start":{"line":156,"column":4},"end":{"line":157,"column":59}},"85":{"start":{"line":156,"column":38},"end":{"line":156,"column":74}},"86":{"start":{"line":157,"column":9},"end":{"line":157,"column":59}},"87":{"start":{"line":157,"column":27},"end":{"line":157,"column":59}},"88":{"start":{"line":159,"column":26},"end":{"line":159,"column":109}},"89":{"start":{"line":159,"column":58},"end":{"line":159,"column":101}},"90":{"start":{"line":160,"column":4},"end":{"line":161,"column":59}},"91":{"start":{"line":160,"column":28},"end":{"line":160,"column":54}},"92":{"start":{"line":161,"column":9},"end":{"line":161,"column":59}},"93":{"start":{"line":161,"column":33},"end":{"line":161,"column":59}},"94":{"start":{"line":163,"column":4},"end":{"line":164,"column":102}},"95":{"start":{"line":163,"column":72},"end":{"line":163,"column":102}},"96":{"start":{"line":164,"column":9},"end":{"line":164,"column":102}},"97":{"start":{"line":164,"column":77},"end":{"line":164,"column":102}},"98":{"start":{"line":166,"column":4},"end":{"line":167,"column":95}},"99":{"start":{"line":166,"column":64},"end":{"line":166,"column":95}},"100":{"start":{"line":167,"column":9},"end":{"line":167,"column":95}},"101":{"start":{"line":167,"column":69},"end":{"line":167,"column":95}},"102":{"start":{"line":169,"column":22},"end":{"line":169,"column":43}},"103":{"start":{"line":170,"column":4},"end":{"line":170,"column":47}},"104":{"start":{"line":170,"column":19},"end":{"line":170,"column":47}},"105":{"start":{"line":172,"column":23},"end":{"line":172,"column":61}},"106":{"start":{"line":174,"column":4},"end":{"line":176,"column":5}},"107":{"start":{"line":175,"column":6},"end":{"line":175,"column":129}},"108":{"start":{"line":175,"column":102},"end":{"line":175,"column":113}},"109":{"start":{"line":178,"column":41},"end":{"line":183,"column":6}},"110":{"start":{"line":185,"column":4},"end":{"line":194,"column":6}},"111":{"start":{"line":196,"column":4},"end":{"line":196,"column":57}},"112":{"start":{"line":197,"column":4},"end":{"line":201,"column":6}}},"fnMap":{"0":{"name":"validateVideoSchema","decl":{"start":{"line":7,"column":16},"end":{"line":7,"column":35}},"loc":{"start":{"line":7,"column":55},"end":{"line":44,"column":1}}},"1":{"name":"(anonymous_10)","decl":{"start":{"line":27,"column":37},"end":{"line":27,"column":44}},"loc":{"start":{"line":27,"column":48},"end":{"line":27,"column":77}}},"2":{"name":"(anonymous_11)","decl":{"start":{"line":36,"column":37},"end":{"line":36,"column":44}},"loc":{"start":{"line":36,"column":48},"end":{"line":36,"column":77}}},"3":{"name":"calculateSEOScore","decl":{"start":{"line":65,"column":22},"end":{"line":65,"column":39}},"loc":{"start":{"line":70,"column":26},"end":{"line":203,"column":1}}},"4":{"name":"(anonymous_13)","decl":{"start":{"line":88,"column":14},"end":{"line":88,"column":15}},"loc":{"start":{"line":88,"column":19},"end":{"line":88,"column":125}}},"5":{"name":"(anonymous_14)","decl":{"start":{"line":108,"column":16},"end":{"line":108,"column":17}},"loc":{"start":{"line":108,"column":45},"end":{"line":112,"column":5}}},"6":{"name":"(anonymous_15)","decl":{"start":{"line":147,"column":58},"end":{"line":147,"column":59}},"loc":{"start":{"line":147,"column":73},"end":{"line":147,"column":85}}},"7":{"name":"(anonymous_16)","decl":{"start":{"line":159,"column":47},"end":{"line":159,"column":48}},"loc":{"start":{"line":159,"column":58},"end":{"line":159,"column":101}}},"8":{"name":"(anonymous_17)","decl":{"start":{"line":175,"column":90},"end":{"line":175,"column":91}},"loc":{"start":{"line":175,"column":102},"end":{"line":175,"column":113}}}},"branchMap":{"0":{"loc":{"start":{"line":28,"column":4},"end":{"line":32,"column":5}},"type":"if","locations":[{"start":{"line":28,"column":4},"end":{"line":32,"column":5}},{"start":{"line":30,"column":11},"end":{"line":32,"column":5}}]},"1":{"loc":{"start":{"line":37,"column":4},"end":{"line":39,"column":5}},"type":"if","locations":[{"start":{"line":37,"column":4},"end":{"line":39,"column":5}}]},"2":{"loc":{"start":{"line":82,"column":25},"end":{"line":82,"column":102}},"type":"binary-expr","locations":[{"start":{"line":82,"column":25},"end":{"line":82,"column":30}},{"start":{"line":82,"column":34},"end":{"line":82,"column":51}},{"start":{"line":82,"column":55},"end":{"line":82,"column":77}},{"start":{"line":82,"column":81},"end":{"line":82,"column":102}}]},"3":{"loc":{"start":{"line":83,"column":28},"end":{"line":83,"column":98}},"type":"binary-expr","locations":[{"start":{"line":83,"column":28},"end":{"line":83,"column":43}},{"start":{"line":83,"column":47},"end":{"line":83,"column":92}},{"start":{"line":83,"column":96},"end":{"line":83,"column":98}}]},"4":{"loc":{"start":{"line":84,"column":24},"end":{"line":84,"column":94}},"type":"binary-expr","locations":[{"start":{"line":84,"column":24},"end":{"line":84,"column":31}},{"start":{"line":84,"column":35},"end":{"line":84,"column":94}}]},"5":{"loc":{"start":{"line":88,"column":19},"end":{"line":88,"column":125}},"type":"binary-expr","locations":[{"start":{"line":88,"column":19},"end":{"line":88,"column":31}},{"start":{"line":88,"column":35},"end":{"line":88,"column":125}}]},"6":{"loc":{"start":{"line":95,"column":19},"end":{"line":95,"column":95}},"type":"cond-expr","locations":[{"start":{"line":95,"column":44},"end":{"line":95,"column":55}},{"start":{"line":95,"column":58},"end":{"line":95,"column":95}}]},"7":{"loc":{"start":{"line":103,"column":33},"end":{"line":103,"column":54}},"type":"binary-expr","locations":[{"start":{"line":103,"column":33},"end":{"line":103,"column":48}},{"start":{"line":103,"column":52},"end":{"line":103,"column":54}}]},"8":{"loc":{"start":{"line":109,"column":6},"end":{"line":109,"column":27}},"type":"if","locations":[{"start":{"line":109,"column":6},"end":{"line":109,"column":27}}]},"9":{"loc":{"start":{"line":110,"column":24},"end":{"line":110,"column":43}},"type":"binary-expr","locations":[{"start":{"line":110,"column":24},"end":{"line":110,"column":38}},{"start":{"line":110,"column":42},"end":{"line":110,"column":43}}]},"10":{"loc":{"start":{"line":114,"column":29},"end":{"line":114,"column":116}},"type":"binary-expr","locations":[{"start":{"line":114,"column":29},"end":{"line":114,"column":70}},{"start":{"line":114,"column":74},"end":{"line":114,"column":116}}]},"11":{"loc":{"start":{"line":115,"column":25},"end":{"line":115,"column":112}},"type":"binary-expr","locations":[{"start":{"line":115,"column":25},"end":{"line":115,"column":66}},{"start":{"line":115,"column":70},"end":{"line":115,"column":112}}]},"12":{"loc":{"start":{"line":116,"column":32},"end":{"line":116,"column":133}},"type":"binary-expr","locations":[{"start":{"line":116,"column":32},"end":{"line":116,"column":80}},{"start":{"line":116,"column":84},"end":{"line":116,"column":133}}]},"13":{"loc":{"start":{"line":117,"column":25},"end":{"line":117,"column":122}},"type":"binary-expr","locations":[{"start":{"line":117,"column":25},"end":{"line":117,"column":71}},{"start":{"line":117,"column":75},"end":{"line":117,"column":122}}]},"14":{"loc":{"start":{"line":118,"column":4},"end":{"line":118,"column":51}},"type":"if","locations":[{"start":{"line":118,"column":4},"end":{"line":118,"column":51}}]},"15":{"loc":{"start":{"line":119,"column":4},"end":{"line":119,"column":47}},"type":"if","locations":[{"start":{"line":119,"column":4},"end":{"line":119,"column":47}}]},"16":{"loc":{"start":{"line":120,"column":4},"end":{"line":120,"column":61}},"type":"if","locations":[{"start":{"line":120,"column":4},"end":{"line":120,"column":61}}]},"17":{"loc":{"start":{"line":121,"column":4},"end":{"line":121,"column":52}},"type":"if","locations":[{"start":{"line":121,"column":4},"end":{"line":121,"column":52}}]},"18":{"loc":{"start":{"line":124,"column":4},"end":{"line":125,"column":63}},"type":"if","locations":[{"start":{"line":124,"column":4},"end":{"line":125,"column":63}},{"start":{"line":125,"column":9},"end":{"line":125,"column":63}}]},"19":{"loc":{"start":{"line":125,"column":9},"end":{"line":125,"column":63}},"type":"if","locations":[{"start":{"line":125,"column":9},"end":{"line":125,"column":63}}]},"20":{"loc":{"start":{"line":126,"column":4},"end":{"line":126,"column":66}},"type":"if","locations":[{"start":{"line":126,"column":4},"end":{"line":126,"column":66}}]},"21":{"loc":{"start":{"line":132,"column":4},"end":{"line":141,"column":5}},"type":"if","locations":[{"start":{"line":132,"column":4},"end":{"line":141,"column":5}},{"start":{"line":134,"column":11},"end":{"line":141,"column":5}}]},"22":{"loc":{"start":{"line":
[...]
,"/home/runner/work/cats-seo-generator-v3-app/cats-seo-generator-v3-app/src/services/skill-parser.ts": {"path":"/home/runner/work/cats-seo-generator-v3-app/cats-seo-generator-v3-app/src/services/skill-parser.ts","statementMap":{"0":{"start":{"line":14,"column":0},"end":{"line":14,"column":16}},"1":{"start":{"line":228,"column":0},"end":{"line":228,"column":16}},"2":{"start":{"line":245,"column":0},"end":{"line":245,"column":16}},"3":{"start":{"line":259,"column":0},"end":{"line":259,"column":16}},"4":{"start":{"line":6,"column":0},"end":{"line":6,"column":25}},"5":{"start":{"line":7,"column":0},"end":{"line":7,"column":29}},"6":{"start":{"line":9,"column":0},"end":{"line":9,"column":51}},"7":{"start":{"line":15,"column":19},"end":{"line":15,"column":57}},"8":{"start":{"line":18,"column":24},"end":{"line":18,"column":60}},"9":{"start":{"line":19,"column":33},"end":{"line":19,"column":37}},"10":{"start":{"line":21,"column":2},"end":{"line":27,"column":3}},"11":{"start":{"line":22,"column":21},"end":{"line":22,"column":50}},"12":{"start":{"line":23,"column":4},"end":{"line":26,"column":5}},"13":{"start":{"line":24,"column":6},"end":{"line":24,"column":27}},"14":{"start":{"line":25,"column":6},"end":{"line":25,"column":12}},"15":{"start":{"line":29,"column":2},"end":{"line":32,"column":3}},"16":{"start":{"line":30,"column":4},"end":{"line":30,"column":71}},"17":{"start":{"line":31,"column":4},"end":{"line":31,"column":16}},"18":{"start":{"line":34,"column":2},"end":{"line":40,"column":3}},"19":{"start":{"line":35,"column":20},"end":{"line":35,"column":55}},"20":{"start":{"line":36,"column":4},"end":{"line":36,"column":49}},"21":{"start":{"line":38,"column":4},"end":{"line":38,"column":79}},"22":{"start":{"line":39,"column":4},"end":{"line":39,"column":16}},"23":{"start":{"line":47,"column":29},"end":{"line":55,"column":4}},"24":{"start":{"line":58,"column":27},"end":{"line":58,"column":65}},"25":{"start":{"line":59,"column":2},"end":{"line":65,"column":3}},"26":{"start":{"line":60,"column":24},"end":{"line":60,"column":43}},"27":{"start":{"line":61,"column":22},"end":{"line":61,"column":62}},"28":{"start":{"line":62,"column":25},"end":{"line":62,"column":61}},"29":{"start":{"line":63,"column":4},"end":{"line":63,"column":59}},"30":{"start":{"line":63,"column":19},"end":{"line":63,"column":59}},"31":{"start":{"line":64,"column":4},"end":{"line":64,"column":61}},"32":{"start":{"line":64,"column":22},"end":{"line":64,"column":61}},"33":{"start":{"line":68,"column":19},"end":{"line":68,"column":43}},"34":{"start":{"line":70,"column":2},"end":{"line":84,"column":3}},"35":{"start":{"line":71,"column":18},"end":{"line":71,"column":44}},"36":{"start":{"line":72,"column":20},"end":{"line":72,"column":49}},"37":{"start":{"line":73,"column":27},"end":{"line":73,"column":52}},"38":{"start":{"line":75,"column":4},"end":{"line":83,"column":5}},"39":{"start":{"line":76,"column":6},"end":{"line":76,"column":67}},"40":{"start":{"line":77,"column":11},"end":{"line":83,"column":5}},"41":{"start":{"line":78,"column":6},"end":{"line":78,"column":62}},"42":{"start":{"line":79,"column":11},"end":{"line":83,"column":5}},"43":{"start":{"line":80,"column":6},"end":{"line":80,"column":62}},"44":{"start":{"line":81,"column":11},"end":{"line":83,"column":5}},"45":{"start":{"line":82,"column":6},"end":{"line":82,"column":72}},"46":{"start":{"line":87,"column":23},"end":{"line":87,"column":55}},"47":{"start":{"line":88,"column":2},"end":{"line":95,"column":3}},"48":{"start":{"line":89,"column":4},"end":{"line":94,"column":5}},"49":{"start":{"line":90,"column":19},"end":{"line":90,"column":55}},"50":{"start":{"line":91,"column":6},"end":{"line":93,"column":7}},"51":{"start":{"line":92,"column":8},"end":{"line":92,"column":39}},"52":{"start":{"line":97,"column":2},"end":{"line":97,"column":15}},"53":{"start":{"line":104,"column":29},"end":{"line":104,"column":31}},"54":{"start":{"line":105,"column":16},"end":{"line":105,"column":35}},"55":{"start":{"line":107,"column":18},"end":{"line":107,"column":19}},"56":{"start":{"line":108,"column":2},"end":{"line":122,"column":3}},"57":{"start":{"line":109,"column":22},"end":{"line":109,"column":61}},"58":{"start":{"line":110,"column":4},"end":{"line":121,"column":5}},"59":{"start":{"line":111,"column":23},"end":{"line":111,"column":47}},"60":{"start":{"line":112,"column":23},"end":{"line":112,"column":47}},"61":{"start":{"line":114,"column":6},"end":{"line":120,"column":9}},"62":{"start":{"line":124,"column":2},"end":{"line":124,"column":15}},"63":{"start":{"line":131,"column":35},"end":{"line":131,"column":37}},"64":{"start":{"line":134,"column":21},"end":{"line":134,"column":59}},"65":{"start":{"line":135,"column":2},"end":{"line":144,"column":3}},"66":{"start":{"line":136,"column":17},"end":{"line":136,"column":62}},"67":{"start":{"line":137,"column":4},"end":{"line":143,"column":5}},"68":{"start":{"line":138,"column":6},"end":{"line":142,"column":9}},"69":{"start":{"line":146,"column":2},"end":{"line":146,"column":18}},"70":{"start":{"line":153,"column":29},"end":{"line":153,"column":31}},"71":{"start":{"line":156,"column":21},"end":{"line":156,"column":59}},"72":{"start":{"line":157,"column":2},"end":{"line":159,"column":3}},"73":{"start":{"line":158,"column":4},"end":{"line":158,"column":65}},"74":{"start":{"line":162,"column":17},"end":{"line":162,"column":48}},"75":{"start":{"line":163,"column":2},"end":{"line":165,"column":3}},"76":{"start":{"line":164,"column":4},"end":{"line":164,"column":43}},"77":{"start":{"line":167,"column":2},"end":{"line":167,"column":18}},"78":{"start":{"line":174,"column":30},"end":{"line":174,"column":32}},"79":{"start":{"line":175,"column":16},"end":{"line":175,"column":35}},"80":{"start":{"line":177,"column":2},"end":{"line":182,"column":3}},"81":{"start":{"line":178,"column":22},"end":{"line":178,"column":61}},"82":{"start":{"line":179,"column":4},"end":{"line":181,"column":5}},"83":{"start":{"line":180,"column":6},"end":{"line":180,"column":32}},"84":{"start":{"line":184,"column":2},"end":{"line":184,"column":19}},"85":{"start":{"line":191,"column":16},"end":{"line":191,"column":34}},"86":{"start":{"line":193,"column":2},"end":{"line":195,"column":3}},"87":{"start":{"line":194,"column":4},"end":{"line":194,"column":20}},"88":{"start":{"line":196,"column":2},"end":{"line":198,"column":3}},"89":{"start":{"line":197,"column":4},"end":{"line":197,"column":19}},"90":{"start":{"line":199,"column":2},"end":{"line":201,"column":3}},"91":{"start":{"line":200,"column":4},"end":{"line":200,"column":18}},"92":{"start":{"line":202,"column":2},"end":{"line":204,"column":3}},"93":{"start":{"line":203,"column":4},"end":{"line":203,"column":23}},"94":{"start":{"line":206,"column":2},"end":{"line":206,"column":19}},"95":{"start":{"line":213,"column":16},"end":{"line":213,"column":34}},"96":{"start":{"line":215,"column":2},"end":{"line":217,"column":3}},"97":{"start":{"line":216,"column":4},"end":{"line":216,"column":22}},"98":{"start":{"line":218,"column":2},"end":{"line":220,"column":3}},"99":{"start":{"line":219,"column":4},"end":{"line":219,"column":25}},"100":{"start":{"line":222,"column":2},"end":{"line":222,"column":20}},"101":{"start":{"line":229,"column":17},"end":{"line":229,"column":47}},"102":{"start":{"line":231,"column":2},"end":{"line":237,"column":3}},"103":{"start":{"line":232,"column":18},"end":{"line":232,"column":38}},"104":{"start":{"line":233,"column":4},"end":{"line":236,"column":5}},"105":{"start":{"line":234,"column":6},"end":{"line":234,"column":30}},"106":{"start":{"line":235,"column":6},"end":{"line":235,"column":134}},"107":{"start":{"line":239,"column":2},"end":{"line":239,"column":16}},"108":{"start":{"line":246,"column":30},"end":{"line":246,"column":32}},"109":{"start":{"line":248,"column":2},"end":{"line":250,"column":3}},"110":{"start":{"line":249,"column":4},"end":{"line":249,"column":43}},"111":{"start":{"line":253,"column":2},"end":{"line":253,"column":33}},"112":{"start":{"line":260,"column":29},"end":{"line":260,"column":31}},"113":{"start":{"line":262,"column":2},"end":{"line":264,"column":3}},"114":{"start":{"line":263,"column":4},"end":{"line":263,"column":31}},"115":{"start":{"line":266,"column":2},"end":{"line":266,"column":15}}},"fnMap":{"0":{"name":"parseSkillFile","decl":{"start":{"line":14,"column":16},"end":{"line":14,"column":30}},"loc":{"start":{"line":14,"column":48},"end":{"line":41,"column":1}}},"1":{"name":"parseSkillContent","decl":{"start":{"line":46,"column":9},"end":{"line":46,"column":26}},"loc":{"start":{"line":46,"column":61},"end":{"line":98,"column":1}}},"2":{"name":"extractRules","decl":{"start":{"line":103,"column":9},"end":{"line":103,"column":21}},"loc":{"start":{"line":103,"column":56},"end":{"line":125,"column":1}}},"3":{"name":"extractPatterns","decl":{"start":{"line":130,"column":9},"end":{"line":130,"column":24}},"loc":{"start":{"line":130,"column":40},"end":{"line":147,"column":1}}},"4":{"name":"extractExamples","decl":{"start":{"line":152,"column":9},"end":{"line":152,"column":24}},"loc":{"start":{"line":152,"column":40},"end":{"line":168,"column":1}}},"5":{"name":"extractBestPractices","decl":{"start":{"line":173,"column":9},"end":{"line":173,"column":29}},"loc":{"start":{"line":173,"column":45},"end":{"line":185,"column":1}}},"6":{"name":"inferCategory","decl":{"start":{"line":190,"column":9},"end":{"line":190,"column":22}},"loc":{"start":{"line":190,"column":35},"end":{"line":207,"column":1}}},"7":{"name":"inferPriority","decl":{"start":{"line":212,"column":9},"end":{"line":212,"column":22}},"loc":{"start":{"line":212,"column":35},"end":{"line":223,"column":1}}},"8":{"name":"loadSkills","decl":{"start":{"line":228,"column":16},"end":{"line":228,"column":26}},"loc":{"start":{"line":228,"column":47},"end":{"line":240,"column":1}}},"9":{"name":"getCombinedBestPractices","decl":{"start":{"line":245,"column":16},"end":{"line":245,"column":40}},"loc":{"start":{"line":245,"column":73},"end":{"line":254,"column":1}}},"10":{"name":"getCombinedRules","decl":{"start":{"line":259,"column":16},"end":{"line":259,"column":32}},"loc":{"start":{"line":259,"column":65},"end":{"line":267,"column":1}}}},"branchMap":{"0":{"loc":{"start":{"line":23,"column":4},"end":{"line":26,"column":5}},"type":"if","locations":[{"start":{"line":23,"column":4},"end":{"line":26,"column":5}}]},"1":{"loc":{"start":{"line":29,"column":2},"end":{"line":32,"column":3}},"type":"if","locations":[{"start":{"line":29,"column":2},"end":{"line":32,"column":3}}]},"2":{"loc":{"start":{"line":59,"column":2},"end":{"line":65,"column":3}},"type":"if","locations":[{"start":{"line":59,"column":2},"end":{"line":65,"column":3}}]},"3":{"loc":{"start":{"line":63,"column":4},"end":{"line":63,"column":59}},"type":"if","locations":[{"start":{"line":63,"column":4},"end":{"line":63,"column":59}}]},"4":{"loc":{"start":{"line":64,"column":4},"end":{"line":64,"column":61}},"type":"if","locations":[{"start":{"line":64,"column":4},"end":{"line":64,"column":61}}]},"5":{"loc":{"start":{"line":72,"column":20},"end":{"line":72,"column":49}},"type":"binary-expr","locations":[{"start":{"line":72,"column":20},"end":{"line":72,"column":43}},{"start":{"line":72,"column":47},"end":{"line":72,"column":49}}]},"6":{"loc":{"start":{"line":75,"column":4},"end":{"line":83,"column":5}},"type":"if","locations":[{"start":{"line":75,"column":4},"end":{"line":83,"column":5}},{"start":{"line":77,"column":11},"end":{"line":83,"column":5}}]},"7":{"loc":{"start":{"line":75,"column":8},"end":{"line":75,"column":67}},"type":"binary-expr","locations":[{"start":{"line":75,"column":8},"end":{"line":75,"column":32}},{"start":{"line":75,"column":36},"end":{"line":75,"column":67}}]},"8":{"loc":{"start":{"line":77,"column":11},"end":{"line":83,"column":5}},"type":"if","locations":[{"start":{"line":77,"column":11},"end":{"line":83,"column":5}},{"start":{"line":79,"column":11},"end":{"line":83,"column":5}}]},"9":{"loc":{"start":{"line":77,"column":15},"end":{"line":77,"column":74}},"type":"binary-expr","locations":[{"start":{"line":77,"column":15},"end":{"line":77,"column":42}},{"start":{"line":77,"column":46},"end":{"line":77,"column":74}}]},"10":{"loc":{"start":{"line":79,"column":11},"end":{"line":83,"column":5}},"type":"if","locations":[{"start":{"line":79,"column":11},"end":{"line":83,"column":5}},{"start":{"line":81,"column":11},"end":{"line":83,"column":5}}]},"11":{"loc":{"start":{"line":81,"column":11},"end":{"line":83,"column":5}},"type":"if","locations":[{"start":{"line":81,"column":11},"end":{"line":83,"column":5}}]},"12":{"loc":{"start":{"line":81,"column":15},"end":{"line":81,"column":75}},"type":"binary-expr","locations":[{"start":{"line":81,"column":15},"end":{"line":81,"column":48}},{"start":{"line":81,"column":52},"end":{"line":81,"column":75}}]},"13":{"loc":{"start":{"line":88,"column":2},"end":{"line":95,"column":3}},"type":"if","locations":[{"start":{"line":88,"column":2},"end":{"line":95,"column":3}}]},"14":{"loc":{"start":{"line":91,"column":6},"end":{"line":93,"column":7}},"type":"if","locations":[{"start":{"line":91,"column":6},"end":{"line":93,"column":7}}]},"15":{"loc":{"start":{"line":91,"column":10},"end":{"line":91,"column":47}},"type":"binary-expr","locations":[{"start":{"line":91,"column":10},"end":{"line":91,"column":26}},{"start":{"line":91,"column":30},"end":{"line":91,"column":47}}]},"16":{"loc":{"start":{"line":110,"column":4},"end":{"line":121,"column":5}},"type":"if","locations":[{"start":{"line":110,"column":4},"end":{"line":121,"column":5}}]},"17":{"loc":{"start":{"line":134,"column":21},"end":{"line":134,"column":59}},"type":"binary-expr","locations":[{"start":{"line":134,"column":21},"end":{"line":134,"column":53}},{"start":{"line":134,"column":57},"end":{"line":134,"column":59}}]},"18":{"loc":{"start":{"line":137,"column":4},"end":{"line":143,"column":5}},"type":"if","locations":[{"start":{"line":137,"column":4},"end":{"line":143,"column":5}}]},"19":{"loc":{"start":{"line":156,"column":21},"end":{"line":156,"column":59}},"type":"binary-expr","locations":[{"start":{"line":156,"column":21},"end":{"line":156,"column":53}},{"start":{"line":156,"column":57},"end":{"line":156,"column":59}}]},"20":{"loc":{"start":{"line":162,"column":17},"end":{"line":162,"column":48}},"type":"binary-expr","locations":[{"start":{"line":162,"column":17},"end":{"line":162,"column":42}},{"start":{"line":162,"column":46},"end":{"line":162,"column":48}}]},"21":{"loc":{"start":{"line":179,"column":4},"end":{"line":181,"column":5}},"type":"if","locations":[{"start":{"line":179,"column":4},"end":{"line":181,"column":5}}]},"22":{"loc":{"start":{"line":179,"column":8},"end":{"line":179,"column":59}},"type":"binary-expr","locations":[{"start":{"line":179,"column":8},"end":{"line":179,"column":29}},{"start":{"line":179,"column":33},"end":{"line":179,"column":59}}]},"23":{"loc":{"start":{"line":193,"column":2},"end":{"line":195,"column":3}},"type":"if","locations":[{"start":{"line":193,"column":2},"end":{"line":195,"column":3}}]},"24":{"loc":{"start":{"line":193,"column":6},"end":{"line":193,"column":91}},"type":"binary-expr","locations":[{"start":{"line":193,"column":6},"end":{"line":193,"column":30}},{"start":{"line":193,"column":34},"end":{"line":193,"column":59}},{"start":{"line":193,"column":63},"end":{"line":193,"column":91}}]},"25":{"loc":{"start":{"line":196,"column":2},"end":{"line":198,"column":3}},"type":"if","locations":[{"start":{"line":196,"column":2},"end":{"line":198,"column":3}}]},"26":{"loc":{"start":{"line":196,"column":6},"end":{"line":196,"column":82}},"type":"binary-expr","locations":[{"start":{"line":196,"column":6},"end":{"line":196,"column":28}},{"start":{"line":196,"column":32},"end":{"line":196,"column":56}},{"start":{"line":196,"column":60},"end":{"line":196,"column":82}}]},"27":{"loc":{"start":{"line":199,"column":2},"end":{"line":201,"column":3}},"type":"if","locations":[{"start":{"line":199,"column":2},"end":{"line":201,"column":3}}]},"28":{"loc":{"start":{"line":199,"column":6},"end":{"line":199,"column":88}},"type":"binary-expr","locations":[{"start":{"line":199,"column":6},"end":{"line":199,"column":29}},{"start":{"line":199,"column":33},"end":{"line":199,"column":55}},{"start":{"line":199,"column":59},"end":{"line":199,"column":88}}]},"29":{"loc":{"start":{"line":202,"column":2},"end":{"line":204,"column":3}},"type":"if","locations":[{"start":{"line":202,"column":2},"end":{"line":204,"column":3}}]},"30":{"loc":{"start":{"line":202,"column":6},"end":{"line":202,"column":93}},"type":"binary-expr","locations":[{"start":{"line":202,"column":6},"end":{"line":202,"column":35}},{"start":{"line":202,"column":39},"end":{"line":202,"column":62}},{"start":{"line":202,"column":66},"end":{"line":202,"column":93}}]},"31":{"loc":{"start":{"line":215,"column":2},"end":{"line":217,"column":3}},"type":"if","locations":[{"start":{"line":215,"column":2},"end":{"line":217,"column":3}}]},"32":{"loc":{"start":{"line":215,"column":6},"end":{"line":215,"column":88}},"type":"binary-expr","locations":[{"start":{"line":215,"column":6},"end":{"line":215,"column":28}},{"start":{"line":215,"column":32},"end":{"line":215,"column":58}},{"start":{"line":215,"column":62},"end":{"line":215,"column":88}}]},"33":{"loc":{"start":{"line":218,"column":2},"end":{"line":220,"column":3}},"type":"if","locations":[{"start":{"line":218,"column":2},"end":{"line":220,"column":3}}]},"34":{"loc":{"start":{"line":218,"column":6},"end":{"line":218,"column":63}},"type":"binary-expr","locations":[{"start":{"line":218,"column":6},"end":{"line":218,"column":30}},{"start":{"line":218,"column":34},"end":{"line":218,"column":63}}]},"35":{"loc":{"start":{"line":233,"column":4},"end":{"line":236,"column":5}},"type":"if","locations":[{"start":{"line":233,"column":4},"end":{"line":236,"column":5}}]}},"s":{"0":1,"1":1,"2":1,"3":1,"4":1,"5":1,"6":1,"7":26,"8":26,"9":26,"10":26,"11":33,"12":33,"13":23,"14":23,"15":26,"16":3,"17":3,"18":23,"19":23,"20":23,"21":0,"22":0,"23":23,"24":23,"25":23,"26":23,"27":23,"28":23,"29":23,"30":23,"31":23,"32":23,"33":23,"34":23,"35":72,"36":72,"37":72,"38":72,"39":18,"40":54,"41":3,"42":51,"43":13,"44":38,"45":15,"46":23,"47":23,"48":20,"49":94,"50":94,"51":92,"52":23,"53":18,"54":18,"55":18,"56":18,"57":82,"58":82,"59":64,"60":64,"61":64,"62":18,"63":3,"64":3,"65":3,"66":6,"67":6,"68":6,"69":3,"70":13,"71":13,"72":13,"73":13,"74":13,"75":13,"76":0,"77":13,"78":15,"79":15,"80":15,"81":43,"82":43,"83":28,"84":15,"85":64,"86":64,"87":18,"88":46,"89":5,"90":41,"91":23,"92":18,"93":5,"94":13,"95":64,"96":64,"97":23,"98":41,"99":13,"100":28,"101":11,"102":11,"103":16,"104":16,"105":14,"106":14,"107":11,"108":4,"109":4,"110":5,"111":4,"112":4,"113":4,"114":5,"115":4},"f":{"0":26,"1":23,"2":18,"3":3,"4":13,"5":15,"6":64,"7":64,"8":11,"9":4,"10":4},"b":{"0":[23],"1":[3],"2":[23],"3":[23],"4":[23],"5":[72,0],"6":[18,54],"7":[72,59],"8":[3,51],"9":[54,51],"10":[13,38],"11":[15],"12":[38,23],"13":[20],"14":[92],"15":[94,92],"16":[64],"17":[3,0],"18":[6],"19":[13,0],"20":[13,13],"21":[28],"22":[43,28],"23":[18],"24":[64,46,46],"25":[5],"26":[46,41,41],"27":[23],"28":[41,23,18],"29":[5],"30":[18,13,13],"31":[23],"32":[64,41,41],"33":[13],"34":[41,28],"35":[14]}}
}
