{"/home/runner/work/cats-seo-generator-v3-app/cats-seo-generator-v3-app/src/config/seo-skills.ts": {"path":"/home/runner/work/cats-seo-generator-v3-app/cats-seo-generator-v3-app/src/config/seo-skills.ts","statementMap":{"0":{"start":{"line":139,"column":0},"end":{"line":139,"column":16}},"1":{"start":{"line":147,"column":0},"end":{"line":147,"column":16}},"2":{"start":{"line":159,"column":0},"end":{"line":159,"column":16}},"3":{"start":{"line":6,"column":0},"end":{"line":6,"column":24}},"4":{"start":{"line":7,"column":0},"end":{"line":7,"column":20}},"5":{"start":{"line":13,"column":13},"end":{"line":69,"column":2}},"6":{"start":{"line":74,"column":13},"end":{"line":84,"column":2}},"7":{"start":{"line":89,"column":13},"end":{"line":94,"column":2}},"8":{"start":{"line":99,"column":13},"end":{"line":134,"column":2}},"9":{"start":{"line":140,"column":18},"end":{"line":140,"column":49}},"10":{"start":{"line":141,"column":2},"end":{"line":141,"column":76}},"11":{"start":{"line":148,"column":2},"end":{"line":153,"column":4}},"12":{"start":{"line":163,"column":2},"end":{"line":171,"column":3}},"13":{"start":{"line":164,"column":4},"end":{"line":164,"column":98}},"14":{"start":{"line":165,"column":9},"end":{"line":171,"column":3}},"15":{"start":{"line":166,"column":4},"end":{"line":166,"column":91}},"16":{"start":{"line":167,"column":9},"end":{"line":171,"column":3}},"17":{"start":{"line":168,"column":4},"end":{"line":168,"column":105}},"18":{"start":{"line":170,"column":4},"end":{"line":170,"column":93}}},"fnMap":{"0":{"name":"getSkillsForProfile","decl":{"start":{"line":139,"column":16},"end":{"line":139,"column":35}},"loc":{"start":{"line":139,"column":55},"end":{"line":142,"column":1}}},"1":{"name":"getAllAvailableSkills","decl":{"start":{"line":147,"column":16},"end":{"line":147,"column":37}},"loc":{"start":{"line":147,"column":37},"end":{"line":154,"column":1}}},"2":{"name":"getDeploymentRecommendation","decl":{"start":{"line":159,"column":16},"end":{"line":159,"column":43}},"loc":{"start":{"line":159,"column":57},"end":{"line":172,"column":1}}}},"branchMap":{"0":{"loc":{"start":{"line":100,"column":8},"end":{"line":100,"column":84}},"type":"binary-expr","locations":[{"start":{"line":100,"column":8},"end":{"line":100,"column":36}},{"start":{"line":100,"column":40},"end":{"line":100,"column":84}}]},"1":{"loc":{"start":{"line":141,"column":9},"end":{"line":141,"column":75}},"type":"cond-expr","locations":[{"start":{"line":141,"column":19},"end":{"line":141,"column":33}},{"start":{"line":141,"column":36},"end":{"line":141,"column":75}}]},"2":{"loc":{"start":{"line":163,"column":2},"end":{"line":171,"column":3}},"type":"if","locations":[{"start":{"line":163,"column":2},"end":{"line":171,"column":3}},{"start":{"line":165,"column":9},"end":{"line":171,"column":3}}]},"3":{"loc":{"start":{"line":165,"column":9},"end":{"line":171,"column":3}},"type":"if","locations":[{"start":{"line":165,"column":9},"end":{"line":171,"column":3}},{"start":{"line":167,"column":9},"end":{"line":171,"column":3}}]},"4":{"loc":{"start":{"line":167,"column":9},"end":{"line":171,"column":3}},"type":"if","locations":[{"start":{"line":167,"column":9},"end":{"line":171,"column":3}},{"start":{"line":169,"column":9},"end":{"line":171,"column":3}}]}},"s":{"0":1,"1":1,"2":1,"3":1,"4":1,"5":1,"6":1,"7":1,"8":1,"9":3,"10":3,"11":1,"12":8,"13":2,"14":6,"15":2,"16":4,"17":2,"18":2},"f":{"0":3,"1":1,"2":8},"b":{"0":[1,1],"1":[2,1],"2":[2,6],"3":[2,4],"4":[2,2]}}
}
