TN:
SF:src/config/seo-skills.ts
FN:139,getSkillsForProfile
FN:147,getAllAvailableSkills
FN:159,getDeploymentRecommendation
FNF:3
FNH:3
FNDA:3,getSkillsForProfile
FNDA:1,getAllAvailableSkills
FNDA:8,getDeploymentRecommendation
DA:6,2
DA:7,2
DA:13,2
DA:74,2
DA:89,2
DA:99,2
DA:139,2
DA:140,3
DA:141,3
DA:147,2
DA:148,1
DA:159,2
DA:163,8
DA:164,2
DA:165,6
DA:166,2
DA:167,4
DA:168,2
DA:170,2
LF:19
LH:19
BRDA:100,0,0,2
BRDA:100,0,1,2
BRDA:141,1,0,2
BRDA:141,1,1,1
BRDA:163,2,0,2
BRDA:163,2,1,6
BRDA:165,3,0,2
BRDA:165,3,1,4
BRDA:167,4,0,2
BRDA:167,4,1,2
BRF:10
BRH:10
end_of_record
TN:
SF:src/data/keyword-priorities.ts
FN:59,detectCategory
FN:77,calculateScore
FN:98,determinePriority
FN:99,(anonymous_3)
FN:102,(anonymous_4)
FN:109,buildPrioritizedKeywords
FN:110,(anonymous_6)
FN:119,(anonymous_7)
FN:125,getPrioritizedKeywords
FN:133,getKeywordsByPriority
FN:134,(anonymous_10)
FN:138,getNextKeyword
FN:151,getKeywordStats
FN:174,getTopKeywords
FNF:14
FNH:14
FNDA:9398,detectCategory
FNDA:9398,calculateScore
FNDA:9398,determinePriority
FNDA:120310,(anonymous_3)
FNDA:87204,(anonymous_4)
FNDA:1,buildPrioritizedKeywords
FNDA:9398,(anonymous_6)
FNDA:32435,(anonymous_7)
FNDA:46,getPrioritizedKeywords
FNDA:25,getKeywordsByPriority
FNDA:234950,(anonymous_10)
FNDA:4,getNextKeyword
FNDA:4,getKeywordStats
FNDA:6,getTopKeywords
DA:15,1
DA:28,1
DA:45,1
DA:60,9398
DA:62,9398
DA:63,9182
DA:64,8834
DA:65,8710
DA:66,8275
DA:67,7684
DA:68,7636
DA:69,7522
DA:70,7150
DA:71,7061
DA:73,6981
DA:78,9398
DA:80,9398
DA:83,9398
DA:86,9398
DA:89,9398
DA:92,9398
DA:94,9398
DA:99,120310
DA:100,263
DA:102,87204
DA:103,705
DA:105,8430
DA:110,1
DA:111,9398
DA:112,9398
DA:119,32435
DA:123,1
DA:125,1
DA:126,46
DA:127,1
DA:129,46
DA:133,1
DA:134,234950
DA:138,1
DA:139,4
DA:141,4
DA:142,9402
DA:143,3
DA:147,1
DA:151,1
DA:156,4
DA:158,4
DA:159,4
DA:161,4
DA:162,37592
DA:163,37592
DA:166,4
DA:174,1
DA:179,6
LF:54
LH:54
BRDA:62,0,0,216
BRDA:63,1,0,348
BRDA:64,2,0,124
BRDA:65,3,0,435
BRDA:66,4,0,591
BRDA:67,5,0,48
BRDA:68,6,0,114
BRDA:69,7,0,372
BRDA:70,8,0,89
BRDA:71,9,0,80
BRDA:78,10,0,263
BRDA:78,10,1,9135
BRDA:78,11,0,705
BRDA:78,11,1,8430
BRDA:83,12,0,176
BRDA:86,13,0,258
BRDA:89,14,0,99
BRDA:92,15,0,276
BRDA:99,16,0,263
BRDA:102,17,0,705
BRDA:126,18,0,1
BRDA:142,19,0,3
BRDA:163,20,0,37592
BRDA:163,20,1,44
BRDA:174,21,0,2
BRF:25
BRH:25
end_of_record
TN:
SF:src/data/keywords-full.ts
FN:9404,getAllKeywords
FNF:1
FNH:0
FNDA:0,getAllKeywords
DA:3,2
DA:9404,2
LF:2
LH:2
BRF:0
BRH:0
end_of_record
TN:
SF:src/data/seo-data.ts
FN:56,getAuthorForTopic
FN:75,(anonymous_1)
FN:133,truncateTitle
FN:138,truncateMetaDescription
FN:160,enforceSEOLimits
FN:210,slugToKeywords
FN:229,(anonymous_6)
FN:232,registerArticleForLinking
FN:237,(anonymous_8)
FN:245,bulkRegisterArticles
FN:258,getInternalLinkCount
FN:262,autoLink
FN:272,(anonymous_12)
FN:279,(anonymous_13)
FN:280,(anonymous_14)
FN:293,(anonymous_15)
FN:307,getRelatedArticles
FN:324,(anonymous_17)
FN:342,(anonymous_18)
FN:364,notifyIndexNow
FN:374,processIndexNowQueue
FN:382,(anonymous_21)
FN:414,getIndexNowKey
FN:428,getKeywords
FN:439,getRandomKeywords
FN:440,(anonymous_25)
FN:445,keywordToSlug
FN:450,getKeywordStats
FNF:28
FNH:22
FNDA:15,getAuthorForTopic
FNDA:126,(anonymous_1)
FNDA:9,truncateTitle
FNDA:12,truncateMetaDescription
FNDA:5,enforceSEOLimits
FNDA:22,slugToKeywords
FNDA:23,(anonymous_6)
FNDA:18,registerArticleForLinking
FNDA:0,(anonymous_8)
FNDA:3,bulkRegisterArticles
FNDA:2,getInternalLinkCount
FNDA:5,autoLink
FNDA:74,(anonymous_12)
FNDA:20,(anonymous_13)
FNDA:0,(anonymous_14)
FNDA:5,(anonymous_15)
FNDA:4,getRelatedArticles
FNDA:0,(anonymous_17)
FNDA:77,(anonymous_18)
FNDA:0,notifyIndexNow
FNDA:0,processIndexNowQueue
FNDA:0,(anonymous_21)
FNDA:1,getIndexNowKey
FNDA:7,getKeywords
FNDA:3,getRandomKeywords
FNDA:320022,(anonymous_25)
FNDA:9404,keywordToSlug
FNDA:3,getKeywordStats
DA:18,2
DA:56,2
DA:57,15
DA:59,15
DA:60,2
DA:62,13
DA:63,2
DA:65,11
DA:66,2
DA:68,9
DA:69,3
DA:71,6
DA:72,1
DA:75,126
DA:76,5
DA:83,2
DA:115,2
DA:133,2
DA:134,9
DA:135,6
DA:138,2
DA:139,12
DA:141,4
DA:142,4
DA:144,4
DA:145,18
DA:146,15
DA:148,3
DA:152,4
DA:153,2
DA:154,2
DA:157,4
DA:160,2
DA:161,5
DA:162,5
DA:164,5
DA:165,5
DA:167,5
DA:169,5
DA:170,1
DA:171,0
DA:173,1
DA:174,1
DA:178,5
DA:185,2
DA:207,2
DA:208,2
DA:211,22
DA:212,22
DA:213,22
DA:215,22
DA:220,22
DA:221,1
DA:224,22
DA:225,22
DA:226,1
DA:229,23
DA:232,2
DA:233,18
DA:234,18
DA:235,18
DA:236,19
DA:237,19
DA:238,19
DA:239,19
DA:242,18
DA:245,2
DA:246,3
DA:247,2
DA:248,2
DA:249,6
DA:250,4
DA:251,4
DA:254,2
DA:255,2
DA:258,2
DA:259,2
DA:262,2
DA:263,5
DA:264,3
DA:266,3
DA:267,3
DA:268,3
DA:269,3
DA:271,3
DA:272,74
DA:274,3
DA:275,21
DA:277,20
DA:278,20
DA:279,20
DA:280,0
DA:282,20
DA:284,18
DA:286,18
DA:289,18
DA:290,18
DA:291,18
DA:293,18
DA:294,5
DA:295,5
DA:296,5
DA:297,5
DA:298,5
DA:300,0
DA:304,3
DA:307,2
DA:308,4
DA:309,4
DA:311,4
DA:313,4
DA:314,4
DA:315,4
DA:316,4
DA:317,1
DA:318,1
DA:319,0
DA:320,0
DA:321,0
DA:322,0
DA:324,0
DA:331,4
DA:332,4
DA:333,28
DA:334,24
DA:335,24
DA:336,24
DA:337,23
DA:338,23
DA:339,23
DA:340,23
DA:342,77
DA:350,4
DA:357,2
DA:358,2
DA:359,2
DA:360,2
DA:361,2
DA:362,2
DA:364,2
DA:365,0
DA:367,0
DA:368,0
DA:371,0
DA:375,0
DA:377,0
DA:379,0
DA:380,0
DA:381,0
DA:382,0
DA:385,0
DA:387,0
DA:388,0
DA:399,0
DA:401,0
DA:402,0
DA:404,0
DA:407,0
DA:411,0
DA:414,2
DA:415,1
DA:423,2
DA:425,2
DA:428,2
DA:429,7
DA:430,7
DA:439,2
DA:440,320022
DA:441,3
DA:445,2
DA:446,9404
DA:450,2
DA:451,3
DA:458,3
DA:459,28194
DA:460,28194
DA:461,1896
DA:462,26298
DA:463,1455
DA:464,24843
DA:465,90
DA:467,24753
DA:471,3
LF:183
LH:156
BRDA:59,0,0,2
BRDA:59,1,0,15
BRDA:59,1,1,14
BRDA:59,1,2,13
BRDA:62,2,0,2
BRDA:62,3,0,13
BRDA:62,3,1,12
BRDA:62,3,2,12
BRDA:62,3,3,11
BRDA:65,4,0,2
BRDA:65,5,0,11
BRDA:65,5,1,10
BRDA:65,5,2,9
BRDA:68,6,0,3
BRDA:68,7,0,9
BRDA:68,7,1,8
BRDA:68,7,2,7
BRDA:68,7,3,7
BRDA:71,8,0,1
BRDA:71,9,0,6
BRDA:71,9,1,5
BRDA:71,9,2,5
BRDA:133,10,0,3
BRDA:134,11,0,3
BRDA:138,12,0,7
BRDA:139,13,0,8
BRDA:139,14,0,12
BRDA:139,14,1,8
BRDA:141,15,0,4
BRDA:141,15,1,1
BRDA:145,16,0,15
BRDA:145,16,1,3
BRDA:152,17,0,2
BRDA:152,18,0,4
BRDA:152,18,1,3
BRDA:154,19,0,1
BRDA:154,19,1,1
BRDA:161,20,0,5
BRDA:161,20,1,2
BRDA:162,21,0,5
BRDA:162,21,1,2
BRDA:167,22,0,5
BRDA:167,22,1,5
BRDA:169,23,0,1
BRDA:170,24,0,0
BRDA:173,25,0,1
BRDA:220,26,0,1
BRDA:220,27,0,22
BRDA:220,27,1,22
BRDA:220,27,2,1
BRDA:225,28,0,1
BRDA:225,29,0,22
BRDA:225,29,1,1
BRDA:233,30,0,0
BRDA:233,31,0,18
BRDA:233,31,1,18
BRDA:236,32,0,19
BRDA:236,32,1,19
BRDA:237,33,0,19
BRDA:246,34,0,1
BRDA:249,35,0,4
BRDA:262,36,0,0
BRDA:263,37,0,2
BRDA:263,38,0,5
BRDA:263,38,1,3
BRDA:264,39,0,0
BRDA:275,40,0,1
BRDA:277,41,0,20
BRDA:277,41,1,0
BRDA:279,42,0,20
BRDA:279,42,1,18
BRDA:280,43,0,0
BRDA:280,43,1,0
BRDA:280,44,0,0
BRDA:280,44,1,0
BRDA:282,45,0,2
BRDA:294,46,0,5
BRDA:294,47,0,5
BRDA:294,47,1,5
BRDA:307,48,0,0
BRDA:307,49,0,1
BRDA:314,50,0,0
BRDA:315,51,0,4
BRDA:315,51,1,3
BRDA:317,52,0,0
BRDA:318,53,0,1
BRDA:318,54,0,1
BRDA:318,54,1,0
BRDA:319,55,0,0
BRDA:320,56,0,0
BRDA:331,57,0,4
BRDA:333,58,0,4
BRDA:335,59,0,0
BRDA:336,60,0,1
BRDA:336,61,0,24
BRDA:336,61,1,24
BRDA:337,62,0,0
BRDA:338,63,0,23
BRDA:367,64,0,0
BRDA:375,65,0,0
BRDA:375,66,0,0
BRDA:375,66,1,0
BRDA:381,67,0,0
BRDA:401,68,0,0
BRDA:401,68,1,0
BRDA:401,69,0,0
BRDA:401,69,1,0
BRDA:428,70,0,2
BRDA:428,71,0,2
BRDA:460,72,0,1896
BRDA:460,72,1,26298
BRDA:460,73,0,28194
BRDA:460,73,1,26397
BRDA:460,73,2,26340
BRDA:462,74,0,1455
BRDA:462,74,1,24843
BRDA:462,75,0,26298
BRDA:462,75,1,25035
BRDA:462,75,2,24930
BRDA:464,76,0,90
BRDA:464,76,1,24753
BRDA:464,77,0,24843
BRDA:464,77,1,24822
BRDA:464,77,2,24807
BRDA:464,77,3,24777
BRF:125
BRH:99
end_of_record
TN:
SF:src/services/generation-history.ts
FN:100,rotateIfNeeded
FN:116,appendJsonl
FN:127,saveGenerationRecord
FN:131,saveErrorRecord
FN:135,updateCategoryProgress
FN:143,appendPageSpeedToHistory
FN:153,getHistory
FN:154,(anonymous_16)
FN:157,getHistoryForSlug
FN:178,getErrors
FN:182,getCategoryProgress
FN:193,readAllLines
FN:201,readJsonlTail
FNF:13
FNH:13
FNDA:16,rotateIfNeeded
FNDA:16,appendJsonl
FNDA:11,saveGenerationRecord
FNDA:2,saveErrorRecord
FNDA:3,updateCategoryProgress
FNDA:3,appendPageSpeedToHistory
FNDA:8,getHistory
FNDA:51,(anonymous_16)
FNDA:4,getHistoryForSlug
FNDA:2,getErrors
FNDA:3,getCategoryProgress
FNDA:14,readAllLines
FNDA:10,readJsonlTail
DA:1,1
DA:2,1
DA:9,1
DA:10,1
DA:11,1
DA:12,1
DA:13,1
DA:16,1
DA:101,16
DA:102,16
DA:103,16
DA:104,0
DA:106,0
DA:107,0
DA:117,16
DA:118,16
DA:119,16
DA:121,0
DA:127,1
DA:128,11
DA:131,1
DA:132,2
DA:135,1
DA:136,3
DA:137,3
DA:139,0
DA:143,1
DA:144,3
DA:150,3
DA:153,1
DA:154,51
DA:157,1
DA:158,4
DA:159,4
DA:160,4
DA:162,4
DA:163,43
DA:164,43
DA:165,43
DA:166,5
DA:167,2
DA:168,3
DA:169,3
DA:175,4
DA:178,1
DA:179,2
DA:182,1
DA:183,3
DA:184,3
DA:185,2
DA:187,1
DA:194,14
DA:195,14
DA:197,0
DA:202,10
DA:203,10
DA:206,10
DA:207,54
DA:208,54
DA:209,54
DA:210,51
DA:214,10
LF:62
LH:56
BRDA:103,0,0,0
BRDA:153,1,0,0
BRDA:153,2,0,7
BRDA:154,3,0,51
BRDA:154,3,1,48
BRDA:165,4,0,5
BRDA:166,5,0,2
BRDA:166,5,1,3
BRDA:168,6,0,3
BRDA:178,7,0,0
BRDA:209,8,0,3
BRDA:209,9,0,54
BRDA:209,9,1,51
BRF:13
BRH:10
end_of_record
TN:
SF:src/services/seo-score.ts
FN:7,validateVideoSchema
FN:27,(anonymous_10)
FN:36,(anonymous_11)
FN:65,calculateSEOScore
FN:88,(anonymous_13)
FN:108,(anonymous_14)
FN:147,(anonymous_15)
FN:159,(anonymous_16)
FN:175,(anonymous_17)
FNF:9
FNH:9
FNDA:29,validateVideoSchema
FNDA:429,(anonymous_10)
FNDA:143,(anonymous_11)
FNDA:21,calculateSEOScore
FNDA:91,(anonymous_13)
FNDA:65,(anonymous_14)
FNDA:50362,(anonymous_15)
FNDA:8,(anonymous_16)
FNDA:65,(anonymous_17)
DA:4,1
DA:5,1
DA:7,1
DA:8,29
DA:18,29
DA:23,29
DA:24,29
DA:26,29
DA:27,429
DA:28,203
DA:29,47
DA:31,156
DA:35,29
DA:36,143
DA:37,58
DA:38,2
DA:42,29
DA:43,29
DA:65,1
DA:72,21
DA:79,21
DA:80,21
DA:82,21
DA:83,21
DA:84,21
DA:86,21
DA:88,91
DA:91,21
DA:101,21
DA:102,21
DA:103,21
DA:105,21
DA:106,21
DA:108,21
DA:109,65
DA:110,65
DA:111,65
DA:114,21
DA:115,21
DA:116,21
DA:117,21
DA:118,21
DA:119,21
DA:120,21
DA:121,21
DA:123,21
DA:124,21
DA:125,19
DA:126,21
DA:128,21
DA:129,21
DA:130,21
DA:132,21
DA:133,2
DA:134,19
DA:135,1
DA:136,1
DA:137,1
DA:139,18
DA:140,1
DA:143,21
DA:144,21
DA:147,50362
DA:148,21
DA:149,21
DA:150,21
DA:151,1
DA:152,1
DA:154,21
DA:155,21
DA:156,21
DA:157,1
DA:159,21
DA:160,21
DA:161,19
DA:163,21
DA:164,19
DA:166,21
DA:167,19
DA:169,21
DA:170,21
DA:172,21
DA:174,21
DA:175,65
DA:178,21
DA:185,21
DA:196,0
DA:197,0
LF:88
LH:86
BRDA:28,0,0,47
BRDA:28,0,1,156
BRDA:37,1,0,2
BRDA:82,2,0,21
BRDA:82,2,1,19
BRDA:82,2,2,1
BRDA:82,2,3,1
BRDA:83,3,0,21
BRDA:83,3,1,19
BRDA:83,3,2,1
BRDA:84,4,0,21
BRDA:84,4,1,1
BRDA:88,5,0,91
BRDA:88,5,1,66
BRDA:95,6,0,21
BRDA:95,6,1,0
BRDA:103,7,0,21
BRDA:103,7,1,0
BRDA:109,8,0,0
BRDA:110,9,0,65
BRDA:110,9,1,65
BRDA:114,10,0,21
BRDA:114,10,1,19
BRDA:115,11,0,21
BRDA:115,11,1,19
BRDA:116,12,0,21
BRDA:116,12,1,19
BRDA:117,13,0,21
BRDA:117,13,1,19
BRDA:118,14,0,2
BRDA:119,15,0,2
BRDA:120,16,0,2
BRDA:121,17,0,2
BRDA:124,18,0,2
BRDA:124,18,1,19
BRDA:125,19,0,1
BRDA:126,20,0,1
BRDA:132,21,0,2
BRDA:132,21,1,19
BRDA:132,22,0,21
BRDA:132,22,1,4
BRDA:132,22,2,3
BRDA:134,23,0,1
BRDA:134,23,1,18
BRDA:134,24,0,19
BRDA:134,24,1,2
BRDA:136,25,0,1
BRDA:139,26,0,1
BRDA:144,27,0,20
BRDA:144,27,1,1
BRDA:146,28,0,1
BRDA:146,28,1,1
BRDA:148,29,0,21
BRDA:148,29,1,21
BRDA:150,30,0,20
BRDA:150,30,1,1
BRDA:150,31,0,21
BRDA:150,31,1,20
BRDA:151,32,0,0
BRDA:151,32,1,1
BRDA:151,33,0,1
BRDA:151,33,1,0
BRDA:152,34,0,0
BRDA:156,35,0,20
BRDA:156,35,1,1
BRDA:156,36,0,21
BRDA:156,36,1,20
BRDA:157,37,0,0
BRDA:159,38,0,8
BRDA:159,38,1,1
BRDA:160,39,0,2
BRDA:160,39,1,19
BRDA:161,40,0,1
BRDA:163,41,0,2
BRDA:163,41,1,19
BRDA:163,42,0,21
BRDA:163,42,1,2
BRDA:164,43,0,0
BRDA:164,44,0,19
BRDA:164,44,1,0
BRDA:166,45,0,2
BRDA:166,45,1,19
BRDA:166,46,0,21
BRDA:166,46,1,2
BRDA:167,47,0,0
BRDA:167,48,0,19
BRDA:167,48,1,0
BRDA:170,49,0,2
BRDA:174,50,0,20
BRDA:189,51,0,21
BRDA:189,51,1,1
BRDA:190,52,0,21
BRDA:190,52,1,0
BRDA:191,53,0,21
BRDA:191,53,1,0
BRF:95
BRH:82
end_of_record
TN:
SF:src/services/skill-parser.ts
FN:14,parseSkillFile
FN:46,parseSkillContent
FN:103,extractRules
FN:130,extractPatterns
FN:152,extractExamples
FN:173,extractBestPractices
FN:190,inferCategory
FN:212,inferPriority
FN:228,loadSkills
FN:245,getCombinedBestPractices
FN:259,getCombinedRules
FNF:11
FNH:11
FNDA:26,parseSkillFile
FNDA:23,parseSkillContent
FNDA:18,extractRules
FNDA:3,extractPatterns
FNDA:13,extractExamples
FNDA:15,extractBestPractices
FNDA:64,inferCategory
FNDA:64,inferPriority
FNDA:11,loadSkills
FNDA:4,getCombinedBestPractices
FNDA:4,getCombinedRules
DA:6,1
DA:7,1
DA:9,1
DA:14,1
DA:15,26
DA:18,26
DA:19,26
DA:21,26
DA:22,33
DA:23,33
DA:24,23
DA:25,23
DA:29,26
DA:30,3
DA:31,3
DA:34,23
DA:35,23
DA:36,23
DA:38,0
DA:39,0
DA:47,23
DA:58,23
DA:59,23
DA:60,23
DA:61,23
DA:62,23
DA:63,23
DA:64,23
DA:68,23
DA:70,23
DA:71,72
DA:72,72
DA:73,72
DA:75,72
DA:76,18
DA:77,54
DA:78,3
DA:79,51
DA:80,13
DA:81,38
DA:82,15
DA:87,23
DA:88,23
DA:89,20
DA:90,94
DA:91,94
DA:92,92
DA:97,23
DA:104,18
DA:105,18
DA:107,18
DA:108,18
DA:109,82
DA:110,82
DA:111,64
DA:112,64
DA:114,64
DA:124,18
DA:131,3
DA:134,3
DA:135,3
DA:136,6
DA:137,6
DA:138,6
DA:146,3
DA:153,13
DA:156,13
DA:157,13
DA:158,13
DA:162,13
DA:163,13
DA:164,0
DA:167,13
DA:174,15
DA:175,15
DA:177,15
DA:178,43
DA:179,43
DA:180,28
DA:184,15
DA:191,64
DA:193,64
DA:194,18
DA:196,46
DA:197,5
DA:199,41
DA:200,23
DA:202,18
DA:203,5
DA:206,13
DA:213,64
DA:215,64
DA:216,23
DA:218,41
DA:219,13
DA:222,28
DA:228,1
DA:229,11
DA:231,11
DA:232,16
DA:233,16
DA:234,14
DA:235,14
DA:239,11
DA:245,1
DA:246,4
DA:248,4
DA:249,5
DA:253,4
DA:259,1
DA:260,4
DA:262,4
DA:263,5
DA:266,4
LF:114
LH:111
BRDA:23,0,0,23
BRDA:29,1,0,3
BRDA:59,2,0,23
BRDA:63,3,0,23
BRDA:64,4,0,23
BRDA:72,5,0,72
BRDA:72,5,1,0
BRDA:75,6,0,18
BRDA:75,6,1,54
BRDA:75,7,0,72
BRDA:75,7,1,59
BRDA:77,8,0,3
BRDA:77,8,1,51
BRDA:77,9,0,54
BRDA:77,9,1,51
BRDA:79,10,0,13
BRDA:79,10,1,38
BRDA:81,11,0,15
BRDA:81,12,0,38
BRDA:81,12,1,23
BRDA:88,13,0,20
BRDA:91,14,0,92
BRDA:91,15,0,94
BRDA:91,15,1,92
BRDA:110,16,0,64
BRDA:134,17,0,3
BRDA:134,17,1,0
BRDA:137,18,0,6
BRDA:156,19,0,13
BRDA:156,19,1,0
BRDA:162,20,0,13
BRDA:162,20,1,13
BRDA:179,21,0,28
BRDA:179,22,0,43
BRDA:179,22,1,28
BRDA:193,23,0,18
BRDA:193,24,0,64
BRDA:193,24,1,46
BRDA:193,24,2,46
BRDA:196,25,0,5
BRDA:196,26,0,46
BRDA:196,26,1,41
BRDA:196,26,2,41
BRDA:199,27,0,23
BRDA:199,28,0,41
BRDA:199,28,1,23
BRDA:199,28,2,18
BRDA:202,29,0,5
BRDA:202,30,0,18
BRDA:202,30,1,13
BRDA:202,30,2,13
BRDA:215,31,0,23
BRDA:215,32,0,64
BRDA:215,32,1,41
BRDA:215,32,2,41
BRDA:218,33,0,13
BRDA:218,34,0,41
BRDA:218,34,1,28
BRDA:233,35,0,14
BRF:59
BRH:56
end_of_record
