TN:
SF:src/config/seo-skills.ts
FN:139,getSkillsForProfile
FN:147,getAllAvailableSkills
FN:159,getDeploymentRecommendation
FNF:3
FNH:3
FNDA:3,getSkillsForProfile
FNDA:1,getAllAvailableSkills
FNDA:8,getDeploymentRecommendation
DA:6,1
DA:7,1
DA:13,1
DA:74,1
DA:89,1
DA:99,1
DA:139,1
DA:140,3
DA:141,3
DA:147,1
DA:148,1
DA:159,1
DA:163,8
DA:164,2
DA:165,6
DA:166,2
DA:167,4
DA:168,2
DA:170,2
LF:19
LH:19
BRDA:100,0,0,1
BRDA:100,0,1,1
BRDA:141,1,0,2
BRDA:141,1,1,1
BRDA:163,2,0,2
BRDA:163,2,1,6
BRDA:165,3,0,2
BRDA:165,3,1,4
BRDA:167,4,0,2
BRDA:167,4,1,2
BRF:10
BRH:10
end_of_record
